2019-11-08 12:59:15 +0000  Initial pipeline context: <IDEDistributionProcessingPipelineContext: 0x7fc159cea240; archive(resolved)='<IDEArchive: 0x7fc1592ad910>', distributionTask(resolved)='2', distributionDestination(resolved)='1', distributionMethod(resolved)='<IDEDistributionMethodiOSEnterprise: 0x7fc157e46c90>', team(resolved)='<IDEProvisioningDisambiguatableBasicTeam: 0x7fc156c741d0; teamID='99WFW77CV4', teamName='RSalesArm IT Services Private Limited', teamType='Enterprise', username='shanthi@rsalesarm.com', isFreeProvisioningTeam='0'>'>
	Chain (12, self inclusive):
	<IDEDistributionProcessingPipelineContext: 0x7fc159cea240; archive = '<IDEArchive: 0x7fc1592ad910>', distributionMethod='<IDEDistributionMethodiOSEnterprise: 0x7fc157e46c90>', team='<IDEProvisioningDisambiguatableBasicTeam: 0x7fc156c741d0; teamID='99WFW77CV4', teamName='RSalesArm IT Services Private Limited', teamType='Enterprise', username='shanthi@rsalesarm.com', isFreeProvisioningTeam='0'>'>
	<IDEDistributionProcessingPipelineContext: 0x7fc159b5eab0; archive = '<IDEArchive: 0x7fc1592ad910>', distributionMethod='<IDEDistributionMethodiOSEnterprise: 0x7fc157e46c90>', team='<IDEProvisioningDisambiguatableBasicTeam: 0x7fc156c741d0; teamID='99WFW77CV4', teamName='RSalesArm IT Services Private Limited', teamType='Enterprise', username='shanthi@rsalesarm.com', isFreeProvisioningTeam='0'>'>
	<IDEDistributionContext: 0x7fc1591a2590; archive = '<IDEArchive: 0x7fc1592ad910>', distributionMethod='<IDEDistributionMethodiOSEnterprise: 0x7fc157e46c90>', team='<IDEProvisioningDisambiguatableBasicTeam: 0x7fc156c741d0; teamID='99WFW77CV4', teamName='RSalesArm IT Services Private Limited', teamType='Enterprise', username='shanthi@rsalesarm.com', isFreeProvisioningTeam='0'>'>
	<IDEDistributionContext: 0x7fc1598f96f0; archive = '<IDEArchive: 0x7fc1592ad910>', distributionMethod='<IDEDistributionMethodiOSEnterprise: 0x7fc157e46c90>', team='<IDEProvisioningDisambiguatableBasicTeam: 0x7fc156c741d0; teamID='99WFW77CV4', teamName='RSalesArm IT Services Private Limited', teamType='Enterprise', username='shanthi@rsalesarm.com', isFreeProvisioningTeam='0'>'>
	<IDEDistributionContext: 0x7fc159b45840; archive = '<IDEArchive: 0x7fc1592ad910>', distributionMethod='<IDEDistributionMethodiOSEnterprise: 0x7fc157e46c90>', team='<IDEProvisioningDisambiguatableBasicTeam: 0x7fc156c741d0; teamID='99WFW77CV4', teamName='RSalesArm IT Services Private Limited', teamType='Enterprise', username='shanthi@rsalesarm.com', isFreeProvisioningTeam='0'>'>
	<IDEDistributionContext: 0x7fc15a824e70; archive = '<IDEArchive: 0x7fc1592ad910>', distributionMethod='<IDEDistributionMethodiOSEnterprise: 0x7fc157e46c90>', team='<IDEProvisioningDisambiguatableBasicTeam: 0x7fc156c741d0; teamID='99WFW77CV4', teamName='RSalesArm IT Services Private Limited', teamType='Enterprise', username='shanthi@rsalesarm.com', isFreeProvisioningTeam='0'>'>
	<IDEDistributionContext: 0x7fc15a838d80; archive = '<IDEArchive: 0x7fc1592ad910>', distributionMethod='<IDEDistributionMethodiOSEnterprise: 0x7fc157e46c90>', team='<IDEProvisioningDisambiguatableBasicTeam: 0x7fc156c741d0; teamID='99WFW77CV4', teamName='RSalesArm IT Services Private Limited', teamType='Enterprise', username='shanthi@rsalesarm.com', isFreeProvisioningTeam='0'>'>
	<IDEDistributionContext: 0x7fc15a838760; archive = '<IDEArchive: 0x7fc1592ad910>', distributionMethod='<IDEDistributionMethodiOSEnterprise: 0x7fc157e46c90>', team='<IDEProvisioningDisambiguatableBasicTeam: 0x7fc156c741d0; teamID='99WFW77CV4', teamName='RSalesArm IT Services Private Limited', teamType='Enterprise', username='shanthi@rsalesarm.com', isFreeProvisioningTeam='0'>'>
	<IDEDistributionContext: 0x7fc159b53a00; archive = '<IDEArchive: 0x7fc1592ad910>', distributionMethod='<IDEDistributionMethodiOSEnterprise: 0x7fc157e46c90>', team='<IDEProvisioningDisambiguatableBasicTeam: 0x7fc156c741d0; teamID='99WFW77CV4', teamName='RSalesArm IT Services Private Limited', teamType='Enterprise', username='shanthi@rsalesarm.com', isFreeProvisioningTeam='0'>'>
	<IDEDistributionContext: 0x7fc159a05910; archive = '<IDEArchive: 0x7fc1592ad910>', distributionMethod='<IDEDistributionMethodiOSEnterprise: 0x7fc157e46c90>', team='(null)'>
	<IDEDistributionContext: 0x7fc15929cc00; archive = '<IDEArchive: 0x7fc1592ad910>', distributionMethod='<IDEDistributionMethodiOSEnterprise: 0x7fc157e46c90>', team='(null)'>
	<IDEDistributionContext: 0x7fc157d72a00; archive = '<IDEArchive: 0x7fc1592ad910>', distributionMethod='(null)', team='(null)'>
</IDEDistributionProcessingPipelineContext: 0x7fc159cea240>
2019-11-08 12:59:15 +0000  Processing step: IDEDistributionCreateDestRootStep
2019-11-08 12:59:15 +0000  Processing step: IDEDistributionCopyItemStep
2019-11-08 12:59:15 +0000  Running /usr/bin/ditto '-V' '/Users/administrator/Library/Developer/Xcode/Archives/2019-11-08/Clav App 08-11-19, 6.24 PM.xcarchive/Products/Applications/Clav App.app' '/var/folders/6h/lw34ksgs0398nsw00grhtthh0000gp/T/XcodeDistPipeline.~~~6pNPlK/Root/Payload/Clav App.app'
2019-11-08 12:59:17 +0000  >>> Copying /Users/administrator/Library/Developer/Xcode/Archives/2019-11-08/Clav App 08-11-19, 6.24 PM.xcarchive/Products/Applications/Clav App.app 
2019-11-08 12:59:17 +0000  copying file ./_CodeSignature/CodeResources ... 
2019-11-08 12:59:17 +0000  98109 bytes for ./_CodeSignature/CodeResources
2019-11-08 12:59:18 +0000  copying file ./LaunchImage-1100-Portrait-2436h@3x.png ... 
2019-11-08 12:59:18 +0000  308957 bytes for ./LaunchImage-1100-Portrait-2436h@3x.png
2019-11-08 12:59:18 +0000  copying file ./LaunchImage@2x.png ... 
2019-11-08 12:59:19 +0000  147611 bytes for ./LaunchImage@2x.png
copying file ./AppIcon20x20@2x.png ... 
2019-11-08 12:59:19 +0000  1999 bytes for ./AppIcon20x20@2x.png
2019-11-08 12:59:19 +0000  copying file ./MainViewController.nib ... 
943 bytes for ./MainViewController.nib
copying file ./AppIcon57x57.png ... 
2019-11-08 12:59:19 +0000  3540 bytes for ./AppIcon57x57.png
copying file ./AppIcon20x20@3x.png ... 
2019-11-08 12:59:20 +0000  3966 bytes for ./AppIcon20x20@3x.png
copying file ./AppIcon29x29.png ... 
2019-11-08 12:59:20 +0000  1249 bytes for ./AppIcon29x29.png
copying file ./LaunchImage-568h@2x.png ... 
2019-11-08 12:59:20 +0000  148630 bytes for ./LaunchImage-568h@2x.png
2019-11-08 12:59:21 +0000  copying file ./AppIcon60x60@2x.png ... 
2019-11-08 12:59:21 +0000  13326 bytes for ./AppIcon60x60@2x.png
copying file ./AppIcon72x72@2x~ipad.png ... 
3838 bytes for ./AppIcon72x72@2x~ipad.png
copying file ./AppIcon29x29@2x.png ... 
2019-11-08 12:59:21 +0000  3722 bytes for ./AppIcon29x29@2x.png
copying file ./LaunchImage-1100-Landscape-2436h@3x.png ... 
2019-11-08 12:59:23 +0000  321222 bytes for ./LaunchImage-1100-Landscape-2436h@3x.png
copying file ./LaunchImage-800-667h@2x.png ... 
2019-11-08 12:59:24 +0000  170335 bytes for ./LaunchImage-800-667h@2x.png
2019-11-08 12:59:24 +0000  copying file ./AppIcon40x40@3x.png ... 
13326 bytes for ./AppIcon40x40@3x.png
copying file ./AppIcon57x57@2x.png ... 
2019-11-08 12:59:24 +0000  12382 bytes for ./AppIcon57x57@2x.png
copying file ./AppIcon29x29~ipad.png ... 
2019-11-08 12:59:25 +0000  736 bytes for ./AppIcon29x29~ipad.png
2019-11-08 12:59:25 +0000  copying file ./AppIcon40x40@2x.png ... 
2019-11-08 12:59:25 +0000  6527 bytes for ./AppIcon40x40@2x.png
copying file ./AppIcon29x29@3x.png ... 
2019-11-08 12:59:25 +0000  7697 bytes for ./AppIcon29x29@3x.png
copying file ./AppIcon60x60@3x.png ... 
2019-11-08 12:59:25 +0000  27263 bytes for ./AppIcon60x60@3x.png
2019-11-08 12:59:26 +0000  copying file ./config.xml ... 
2019-11-08 12:59:26 +0000  5884 bytes for ./config.xml
2019-11-08 12:59:26 +0000  copying file ./www/favicon.ico ... 
15086 bytes for ./www/favicon.ico
copying file ./www/index.html ... 
8917 bytes for ./www/index.html
copying file ./www/cordova.js ... 
69139 bytes for ./www/cordova.js
copying file ./www/css/tui-example-style.css ... 
2019-11-08 12:59:27 +0000  305 bytes for ./www/css/tui-example-style.css
copying file ./www/css/service-basic.css ... 
2317 bytes for ./www/css/service-basic.css
copying file ./www/css/bootstrap.css ... 
145933 bytes for ./www/css/bootstrap.css
copying file ./www/css/service-mobile.css ... 
4124 bytes for ./www/css/service-mobile.css
copying file ./www/css/skins/skin-yellow.css ... 
3560 bytes for ./www/css/skins/skin-yellow.css
copying file ./www/css/skins/skin-yellow.min.css ... 
3055 bytes for ./www/css/skins/skin-yellow.min.css
copying file ./www/css/skins/skin-red.css ... 
3419 bytes for ./www/css/skins/skin-red.css
copying file ./www/css/skins/skin-black-light.css ... 
4775 bytes for ./www/css/skins/skin-black-light.css
copying file ./www/css/skins/skin-purple-light.min.css ... 
3768 bytes for ./www/css/skins/skin-purple-light.min.css
copying file ./www/css/skins/_all-skins.css ... 
48407 bytes for ./www/css/skins/_all-skins.css
copying file ./www/css/skins/skin-yellow-light.min.css ... 
2019-11-08 12:59:27 +0000  3768 bytes for ./www/css/skins/skin-yellow-light.min.css
copying file ./www/css/skins/skin-green-light.css ... 
4299 bytes for ./www/css/skins/skin-green-light.css
copying file ./www/css/skins/skin-black.css ... 
4163 bytes for ./www/css/skins/skin-black.css
copying file ./www/css/skins/skin-green-light.min.css ... 
3719 bytes for ./www/css/skins/skin-green-light.min.css
copying file ./www/css/skins/skin-yellow-light.css ... 
4350 bytes for ./www/css/skins/skin-yellow-light.css
copying file ./www/css/skins/skin-black.min.css ... 
3513 bytes for ./www/css/skins/skin-black.min.css
copying file ./www/css/skins/skin-green.min.css ... 
3010 bytes for ./www/css/skins/skin-green.min.css
copying file ./www/css/skins/skin-purple-light.css ... 
4350 bytes for ./www/css/skins/skin-purple-light.css
copying file ./www/css/skins/skin-purple.min.css ... 
3055 bytes for ./www/css/skins/skin-purple.min.css
copying file ./www/css/skins/skin-black-light.min.css ... 
4082 bytes for ./www/css/skins/skin-black-light.min.css
copying file ./www/css/skins/skin-blue.css ... 
3688 bytes for ./www/css/skins/skin-blue.css
copying file ./www/css/skins/skin-red-light.min.css ... 
3621 bytes for ./www/css/skins/skin-red-light.min.css
copying file ./www/css/skins/skin-blue-light.css ... 
4533 bytes for ./www/css/skins/skin-blue-light.css
copying file ./www/css/skins/skin-blue.min.css ... 
3156 bytes for ./www/css/skins/skin-blue.min.css
copying file ./www/css/skins/skin-green.css ... 
3513 bytes for ./www/css/skins/skin-green.css
copying file ./www/css/skins/skin-red-light.css ... 
4197 bytes for ./www/css/skins/skin-red-light.css
copying file ./www/css/skins/skin-purple.css ... 
3560 bytes for ./www/css/skins/skin-purple.css
copying file ./www/css/skins/_all-skins.min.css ... 
41583 bytes for ./www/css/skins/_all-skins.min.css
copying file ./www/css/skins/skin-blue-light.min.css ... 
3916 bytes for ./www/css/skins/skin-blue-light.min.css
copying file ./www/css/skins/skin-red.min.css ... 
2920 bytes for ./www/css/skins/skin-red.min.css
copying file ./www/css/AdminLTE.css ... 
111573 bytes for ./www/css/AdminLTE.css
copying file ./www/css/bootstrap.css.map ... 
2019-11-08 12:59:27 +0000  390887 bytes for ./www/css/bootstrap.css.map
copying file ./www/css/toastr.css ... 
7595 bytes for ./www/css/toastr.css
copying file ./www/css/tui-color-picker.css ... 
4180 bytes for ./www/css/tui-color-picker.css
copying file ./www/css/font-awesome.css ... 
37414 bytes for ./www/css/font-awesome.css
copying file ./www/css/font-awesome.css.map ... 
21778 bytes for ./www/css/font-awesome.css.map
copying file ./www/css/toastr.js.map ... 
2019-11-08 12:59:28 +0000  25633 bytes for ./www/css/toastr.js.map
copying file ./www/css/adminlte.css.map ... 
309656 bytes for ./www/css/adminlte.css.map
copying file ./www/css/ionicons.css ... 
57193 bytes for ./www/css/ionicons.css
2019-11-08 12:59:28 +0000  copying file ./www/plugins/cordova-plugin-file/www/requestFileSystem.js ... 
2019-11-08 12:59:28 +0000  3244 bytes for ./www/plugins/cordova-plugin-file/www/requestFileSystem.js
copying file ./www/plugins/cordova-plugin-file/www/DirectoryEntry.js ... 
4681 bytes for ./www/plugins/cordova-plugin-file/www/DirectoryEntry.js
copying file ./www/plugins/cordova-plugin-file/www/FileSystem.js ... 
1960 bytes for ./www/plugins/cordova-plugin-file/www/FileSystem.js
copying file ./www/plugins/cordova-plugin-file/www/Flags.js ... 
1336 bytes for ./www/plugins/cordova-plugin-file/www/Flags.js
copying file ./www/plugins/cordova-plugin-file/www/fileSystemPaths.js ... 
2548 bytes for ./www/plugins/cordova-plugin-file/www/fileSystemPaths.js
copying file ./www/plugins/cordova-plugin-file/www/FileEntry.js ... 
2019-11-08 12:59:29 +0000  3423 bytes for ./www/plugins/cordova-plugin-file/www/FileEntry.js
copying file ./www/plugins/cordova-plugin-file/www/fileSystems.js ... 
1047 bytes for ./www/plugins/cordova-plugin-file/www/fileSystems.js
copying file ./www/plugins/cordova-plugin-file/www/DirectoryReader.js ... 
2724 bytes for ./www/plugins/cordova-plugin-file/www/DirectoryReader.js
copying file ./www/plugins/cordova-plugin-file/www/Metadata.js ... 
1488 bytes for ./www/plugins/cordova-plugin-file/www/Metadata.js
copying file ./www/plugins/cordova-plugin-file/www/ios/FileSystem.js ... 
1222 bytes for ./www/plugins/cordova-plugin-file/www/ios/FileSystem.js
copying file ./www/plugins/cordova-plugin-file/www/browser/isChrome.js ... 
1206 bytes for ./www/plugins/cordova-plugin-file/www/browser/isChrome.js
copying file ./www/plugins/cordova-plugin-file/www/LocalFileSystem.js ... 
957 bytes for ./www/plugins/cordova-plugin-file/www/LocalFileSystem.js
copying file ./www/plugins/cordova-plugin-file/www/FileReader.js ... 
10523 bytes for ./www/plugins/cordova-plugin-file/www/FileReader.js
copying file ./www/plugins/cordova-plugin-file/www/fileSystems-roots.js ... 
1646 bytes for ./www/plugins/cordova-plugin-file/www/fileSystems-roots.js
copying file ./www/plugins/cordova-plugin-file/www/FileUploadOptions.js ... 
1831 bytes for ./www/plugins/cordova-plugin-file/www/FileUploadOptions.js
copying file ./www/plugins/cordova-plugin-file/www/FileWriter.js ... 
10586 bytes for ./www/plugins/cordova-plugin-file/www/FileWriter.js
copying file ./www/plugins/cordova-plugin-file/www/FileError.js ... 
1483 bytes for ./www/plugins/cordova-plugin-file/www/FileError.js
copying file ./www/plugins/cordova-plugin-file/www/FileUploadResult.js ... 
1111 bytes for ./www/plugins/cordova-plugin-file/www/FileUploadResult.js
copying file ./www/plugins/cordova-plugin-file/www/ProgressEvent.js ... 
2544 bytes for ./www/plugins/cordova-plugin-file/www/ProgressEvent.js
copying file ./www/plugins/cordova-plugin-file/www/File.js ... 
2714 bytes for ./www/plugins/cordova-plugin-file/www/File.js
copying file ./www/plugins/cordova-plugin-file/www/resolveLocalFileSystemURI.js ... 
4325 bytes for ./www/plugins/cordova-plugin-file/www/resolveLocalFileSystemURI.js
copying file ./www/plugins/cordova-plugin-file/www/Entry.js ... 
9869 bytes for ./www/plugins/cordova-plugin-file/www/Entry.js
copying file ./www/plugins/es6-promise-plugin/www/promise.js ... 
9479 bytes for ./www/plugins/es6-promise-plugin/www/promise.js
2019-11-08 12:59:29 +0000  copying file ./www/plugins/cordova-plugin-local-notification/www/local-notification.js ... 
2019-11-08 12:59:29 +0000  9200 bytes for ./www/plugins/cordova-plugin-local-notification/www/local-notification.js
copying file ./www/plugins/cordova-plugin-local-notification/www/local-notification-core.js ... 
11455 bytes for ./www/plugins/cordova-plugin-local-notification/www/local-notification-core.js
copying file ./www/plugins/cordova-plugin-local-notification/www/local-notification-util.js ... 
14748 bytes for ./www/plugins/cordova-plugin-local-notification/www/local-notification-util.js
copying file ./www/plugins/cordova-save-image-gallery/www/saveImageGallery.js ... 
4664 bytes for ./www/plugins/cordova-save-image-gallery/www/saveImageGallery.js
copying file ./www/plugins/cordova-plugin-device/www/device.js ... 
3070 bytes for ./www/plugins/cordova-plugin-device/www/device.js
copying file ./www/plugins/iCheck/all.css ... 
2019-11-08 12:59:29 +0000  1568 bytes for ./www/plugins/iCheck/all.css
copying file ./www/plugins/iCheck/flat/yellow.css ... 
1458 bytes for ./www/plugins/iCheck/flat/yellow.css
copying file ./www/plugins/iCheck/flat/blue@2x.png ... 
2019-11-08 12:59:30 +0000  3217 bytes for ./www/plugins/iCheck/flat/blue@2x.png
2019-11-08 12:59:30 +0000  copying file ./www/plugins/iCheck/flat/pink@2x.png ... 
2019-11-08 12:59:31 +0000  3218 bytes for ./www/plugins/iCheck/flat/pink@2x.png
copying file ./www/plugins/iCheck/flat/pink.css ... 
1428 bytes for ./www/plugins/iCheck/flat/pink.css
copying file ./www/plugins/iCheck/flat/blue.css ... 
1428 bytes for ./www/plugins/iCheck/flat/blue.css
copying file ./www/plugins/iCheck/flat/flat.png ... 
2019-11-08 12:59:31 +0000  1515 bytes for ./www/plugins/iCheck/flat/flat.png
copying file ./www/plugins/iCheck/flat/purple@2x.png ... 
3218 bytes for ./www/plugins/iCheck/flat/purple@2x.png
copying file ./www/plugins/iCheck/flat/orange@2x.png ... 
2019-11-08 12:59:32 +0000  3275 bytes for ./www/plugins/iCheck/flat/orange@2x.png
2019-11-08 12:59:32 +0000  copying file ./www/plugins/iCheck/flat/grey@2x.png ... 
2019-11-08 12:59:32 +0000  3217 bytes for ./www/plugins/iCheck/flat/grey@2x.png
copying file ./www/plugins/iCheck/flat/yellow.png ... 
2019-11-08 12:59:32 +0000  1516 bytes for ./www/plugins/iCheck/flat/yellow.png
copying file ./www/plugins/iCheck/flat/pink.png ... 
2019-11-08 12:59:32 +0000  1522 bytes for ./www/plugins/iCheck/flat/pink.png
copying file ./www/plugins/iCheck/flat/blue.png ... 
2019-11-08 12:59:33 +0000  1518 bytes for ./www/plugins/iCheck/flat/blue.png
copying file ./www/plugins/iCheck/flat/flat@2x.png ... 
2019-11-08 12:59:33 +0000  3217 bytes for ./www/plugins/iCheck/flat/flat@2x.png
copying file ./www/plugins/iCheck/flat/red@2x.png ... 
2019-11-08 12:59:33 +0000  3276 bytes for ./www/plugins/iCheck/flat/red@2x.png
copying file ./www/plugins/iCheck/flat/flat.css ... 
2019-11-08 12:59:33 +0000  1369 bytes for ./www/plugins/iCheck/flat/flat.css
copying file ./www/plugins/iCheck/flat/yellow@2x.png ... 
3216 bytes for ./www/plugins/iCheck/flat/yellow@2x.png
copying file ./www/plugins/iCheck/flat/orange.png ... 
2019-11-08 12:59:34 +0000  1518 bytes for ./www/plugins/iCheck/flat/orange.png
copying file ./www/plugins/iCheck/flat/aero.css ... 
1428 bytes for ./www/plugins/iCheck/flat/aero.css
copying file ./www/plugins/iCheck/flat/green.png ... 
2019-11-08 12:59:34 +0000  1444 bytes for ./www/plugins/iCheck/flat/green.png
copying file ./www/plugins/iCheck/flat/aero@2x.png ... 
2019-11-08 12:59:34 +0000  3218 bytes for ./www/plugins/iCheck/flat/aero@2x.png
2019-11-08 12:59:34 +0000  copying file ./www/plugins/iCheck/flat/grey.png ... 
1516 bytes for ./www/plugins/iCheck/flat/grey.png
2019-11-08 12:59:35 +0000  copying file ./www/plugins/iCheck/flat/purple.css ... 
1458 bytes for ./www/plugins/iCheck/flat/purple.css
copying file ./www/plugins/iCheck/flat/red.css ... 
1413 bytes for ./www/plugins/iCheck/flat/red.css
copying file ./www/plugins/iCheck/flat/orange.css ... 
1458 bytes for ./www/plugins/iCheck/flat/orange.css
copying file ./www/plugins/iCheck/flat/green@2x.png ... 
2019-11-08 12:59:35 +0000  3117 bytes for ./www/plugins/iCheck/flat/green@2x.png
copying file ./www/plugins/iCheck/flat/aero.png ... 
2019-11-08 12:59:35 +0000  1520 bytes for ./www/plugins/iCheck/flat/aero.png
copying file ./www/plugins/iCheck/flat/green.css ... 
1443 bytes for ./www/plugins/iCheck/flat/green.css
copying file ./www/plugins/iCheck/flat/_all.css ... 
13773 bytes for ./www/plugins/iCheck/flat/_all.css
copying file ./www/plugins/iCheck/flat/red.png ... 
1516 bytes for ./www/plugins/iCheck/flat/red.png
copying file ./www/plugins/iCheck/flat/purple.png ... 
2019-11-08 12:59:35 +0000  1519 bytes for ./www/plugins/iCheck/flat/purple.png
copying file ./www/plugins/iCheck/flat/grey.css ... 
1428 bytes for ./www/plugins/iCheck/flat/grey.css
copying file ./www/plugins/iCheck/icheck.min.js ... 
4516 bytes for ./www/plugins/iCheck/icheck.min.js
2019-11-08 12:59:35 +0000  copying file ./www/plugins/iCheck/square/yellow.css ... 
1645 bytes for ./www/plugins/iCheck/square/yellow.css
copying file ./www/plugins/iCheck/square/blue@2x.png ... 
2019-11-08 12:59:36 +0000  4485 bytes for ./www/plugins/iCheck/square/blue@2x.png
copying file ./www/plugins/iCheck/square/pink@2x.png ... 
2019-11-08 12:59:36 +0000  4479 bytes for ./www/plugins/iCheck/square/pink@2x.png
copying file ./www/plugins/iCheck/square/pink.css ... 
1611 bytes for ./www/plugins/iCheck/square/pink.css
copying file ./www/plugins/iCheck/square/blue.css ... 
1611 bytes for ./www/plugins/iCheck/square/blue.css
copying file ./www/plugins/iCheck/square/square@2x.png ... 
2019-11-08 12:59:36 +0000  4478 bytes for ./www/plugins/iCheck/square/square@2x.png
2019-11-08 12:59:36 +0000  copying file ./www/plugins/iCheck/square/purple@2x.png ... 
2019-11-08 12:59:37 +0000  4501 bytes for ./www/plugins/iCheck/square/purple@2x.png
copying file ./www/plugins/iCheck/square/orange@2x.png ... 
4474 bytes for ./www/plugins/iCheck/square/orange@2x.png
copying file ./www/plugins/iCheck/square/grey@2x.png ... 
2019-11-08 12:59:38 +0000  4483 bytes for ./www/plugins/iCheck/square/grey@2x.png
copying file ./www/plugins/iCheck/square/yellow.png ... 
2019-11-08 12:59:38 +0000  2131 bytes for ./www/plugins/iCheck/square/yellow.png
copying file ./www/plugins/iCheck/square/pink.png ... 
2019-11-08 12:59:38 +0000  2189 bytes for ./www/plugins/iCheck/square/pink.png
2019-11-08 12:59:38 +0000  copying file ./www/plugins/iCheck/square/blue.png ... 
2185 bytes for ./www/plugins/iCheck/square/blue.png
copying file ./www/plugins/iCheck/square/red@2x.png ... 
2019-11-08 12:59:39 +0000  4490 bytes for ./www/plugins/iCheck/square/red@2x.png
copying file ./www/plugins/iCheck/square/yellow@2x.png ... 
2019-11-08 12:59:39 +0000  4385 bytes for ./www/plugins/iCheck/square/yellow@2x.png
copying file ./www/plugins/iCheck/square/orange.png ... 
2019-11-08 12:59:39 +0000  2181 bytes for ./www/plugins/iCheck/square/orange.png
2019-11-08 12:59:40 +0000  copying file ./www/plugins/iCheck/square/aero.css ... 
1611 bytes for ./www/plugins/iCheck/square/aero.css
copying file ./www/plugins/iCheck/square/green.png ... 
2019-11-08 12:59:40 +0000  2193 bytes for ./www/plugins/iCheck/square/green.png
copying file ./www/plugins/iCheck/square/aero@2x.png ... 
2019-11-08 12:59:40 +0000  4455 bytes for ./www/plugins/iCheck/square/aero@2x.png
copying file ./www/plugins/iCheck/square/square.css ... 
1546 bytes for ./www/plugins/iCheck/square/square.css
copying file ./www/plugins/iCheck/square/grey.png ... 
2019-11-08 12:59:41 +0000  2186 bytes for ./www/plugins/iCheck/square/grey.png
2019-11-08 12:59:42 +0000  copying file ./www/plugins/iCheck/square/purple.css ... 
1645 bytes for ./www/plugins/iCheck/square/purple.css
copying file ./www/plugins/iCheck/square/red.css ... 
1594 bytes for ./www/plugins/iCheck/square/red.css
copying file ./www/plugins/iCheck/square/orange.css ... 
1645 bytes for ./www/plugins/iCheck/square/orange.css
copying file ./www/plugins/iCheck/square/green@2x.png ... 
2019-11-08 12:59:42 +0000  4498 bytes for ./www/plugins/iCheck/square/green@2x.png
copying file ./www/plugins/iCheck/square/aero.png ... 
2167 bytes for ./www/plugins/iCheck/square/aero.png
copying file ./www/plugins/iCheck/square/green.css ... 
1628 bytes for ./www/plugins/iCheck/square/green.css
copying file ./www/plugins/iCheck/square/_all.css ... 
2019-11-08 12:59:42 +0000  15591 bytes for ./www/plugins/iCheck/square/_all.css
copying file ./www/plugins/iCheck/square/square.png ... 
2019-11-08 12:59:42 +0000  2175 bytes for ./www/plugins/iCheck/square/square.png
copying file ./www/plugins/iCheck/square/red.png ... 
2019-11-08 12:59:42 +0000  2190 bytes for ./www/plugins/iCheck/square/red.png
copying file ./www/plugins/iCheck/square/purple.png ... 
2019-11-08 12:59:43 +0000  2188 bytes for ./www/plugins/iCheck/square/purple.png
copying file ./www/plugins/iCheck/square/grey.css ... 
1611 bytes for ./www/plugins/iCheck/square/grey.css
copying file ./www/plugins/iCheck/minimal/yellow.css ... 
1660 bytes for ./www/plugins/iCheck/minimal/yellow.css
copying file ./www/plugins/iCheck/minimal/blue@2x.png ... 
2019-11-08 12:59:43 +0000  1410 bytes for ./www/plugins/iCheck/minimal/blue@2x.png
2019-11-08 12:59:43 +0000  copying file ./www/plugins/iCheck/minimal/pink@2x.png ... 
2019-11-08 12:59:44 +0000  1409 bytes for ./www/plugins/iCheck/minimal/pink@2x.png
copying file ./www/plugins/iCheck/minimal/pink.css ... 
1626 bytes for ./www/plugins/iCheck/minimal/pink.css
copying file ./www/plugins/iCheck/minimal/blue.css ... 
2019-11-08 12:59:44 +0000  1626 bytes for ./www/plugins/iCheck/minimal/blue.css
copying file ./www/plugins/iCheck/minimal/purple@2x.png ... 
1409 bytes for ./www/plugins/iCheck/minimal/purple@2x.png
copying file ./www/plugins/iCheck/minimal/orange@2x.png ... 
2019-11-08 12:59:44 +0000  1407 bytes for ./www/plugins/iCheck/minimal/orange@2x.png
copying file ./www/plugins/iCheck/minimal/grey@2x.png ... 
2019-11-08 12:59:45 +0000  1407 bytes for ./www/plugins/iCheck/minimal/grey@2x.png
copying file ./www/plugins/iCheck/minimal/yellow.png ... 
2019-11-08 12:59:45 +0000  1135 bytes for ./www/plugins/iCheck/minimal/yellow.png
copying file ./www/plugins/iCheck/minimal/pink.png ... 
1150 bytes for ./www/plugins/iCheck/minimal/pink.png
copying file ./www/plugins/iCheck/minimal/blue.png ... 
2019-11-08 12:59:46 +0000  1132 bytes for ./www/plugins/iCheck/minimal/blue.png
copying file ./www/plugins/iCheck/minimal/red@2x.png ... 
1410 bytes for ./www/plugins/iCheck/minimal/red@2x.png
copying file ./www/plugins/iCheck/minimal/yellow@2x.png ... 
2019-11-08 12:59:46 +0000  1406 bytes for ./www/plugins/iCheck/minimal/yellow@2x.png
2019-11-08 12:59:47 +0000  copying file ./www/plugins/iCheck/minimal/orange.png ... 
2019-11-08 12:59:47 +0000  1139 bytes for ./www/plugins/iCheck/minimal/orange.png
copying file ./www/plugins/iCheck/minimal/minimal@2x.png ... 
2019-11-08 12:59:47 +0000  1410 bytes for ./www/plugins/iCheck/minimal/minimal@2x.png
2019-11-08 12:59:48 +0000  copying file ./www/plugins/iCheck/minimal/aero.css ... 
1626 bytes for ./www/plugins/iCheck/minimal/aero.css
copying file ./www/plugins/iCheck/minimal/green.png ... 
2019-11-08 12:59:48 +0000  1143 bytes for ./www/plugins/iCheck/minimal/green.png
copying file ./www/plugins/iCheck/minimal/aero@2x.png ... 
1409 bytes for ./www/plugins/iCheck/minimal/aero@2x.png
copying file ./www/plugins/iCheck/minimal/minimal.css ... 
1563 bytes for ./www/plugins/iCheck/minimal/minimal.css
copying file ./www/plugins/iCheck/minimal/grey.png ... 
2019-11-08 12:59:48 +0000  1142 bytes for ./www/plugins/iCheck/minimal/grey.png
2019-11-08 12:59:48 +0000  copying file ./www/plugins/iCheck/minimal/purple.css ... 
1660 bytes for ./www/plugins/iCheck/minimal/purple.css
copying file ./www/plugins/iCheck/minimal/red.css ... 
1609 bytes for ./www/plugins/iCheck/minimal/red.css
copying file ./www/plugins/iCheck/minimal/orange.css ... 
1660 bytes for ./www/plugins/iCheck/minimal/orange.css
copying file ./www/plugins/iCheck/minimal/green@2x.png ... 
1408 bytes for ./www/plugins/iCheck/minimal/green@2x.png
copying file ./www/plugins/iCheck/minimal/aero.png ... 
2019-11-08 12:59:48 +0000  1151 bytes for ./www/plugins/iCheck/minimal/aero.png
copying file ./www/plugins/iCheck/minimal/green.css ... 
1643 bytes for ./www/plugins/iCheck/minimal/green.css
copying file ./www/plugins/iCheck/minimal/_all.css ... 
14176 bytes for ./www/plugins/iCheck/minimal/_all.css
copying file ./www/plugins/iCheck/minimal/minimal.png ... 
2019-11-08 12:59:49 +0000  1114 bytes for ./www/plugins/iCheck/minimal/minimal.png
copying file ./www/plugins/iCheck/minimal/red.png ... 
2019-11-08 12:59:49 +0000  1130 bytes for ./www/plugins/iCheck/minimal/red.png
2019-11-08 12:59:49 +0000  copying file ./www/plugins/iCheck/minimal/purple.png ... 
1132 bytes for ./www/plugins/iCheck/minimal/purple.png
copying file ./www/plugins/iCheck/minimal/grey.css ... 
1626 bytes for ./www/plugins/iCheck/minimal/grey.css
copying file ./www/plugins/iCheck/polaris/polaris.png ... 
2019-11-08 12:59:50 +0000  6401 bytes for ./www/plugins/iCheck/polaris/polaris.png
copying file ./www/plugins/iCheck/polaris/polaris.css ... 
1557 bytes for ./www/plugins/iCheck/polaris/polaris.css
copying file ./www/plugins/iCheck/polaris/polaris@2x.png ... 
2019-11-08 12:59:50 +0000  16760 bytes for ./www/plugins/iCheck/polaris/polaris@2x.png
copying file ./www/plugins/iCheck/line/yellow.css ... 
2266 bytes for ./www/plugins/iCheck/line/yellow.css
copying file ./www/plugins/iCheck/line/pink.css ... 
2222 bytes for ./www/plugins/iCheck/line/pink.css
copying file ./www/plugins/iCheck/line/blue.css ... 
2222 bytes for ./www/plugins/iCheck/line/blue.css
copying file ./www/plugins/iCheck/line/line@2x.png ... 
2019-11-08 12:59:50 +0000  1073 bytes for ./www/plugins/iCheck/line/line@2x.png
copying file ./www/plugins/iCheck/line/aero.css ... 
2222 bytes for ./www/plugins/iCheck/line/aero.css
copying file ./www/plugins/iCheck/line/line.css ... 
2103 bytes for ./www/plugins/iCheck/line/line.css
copying file ./www/plugins/iCheck/line/purple.css ... 
2266 bytes for ./www/plugins/iCheck/line/purple.css
copying file ./www/plugins/iCheck/line/red.css ... 
2200 bytes for ./www/plugins/iCheck/line/red.css
copying file ./www/plugins/iCheck/line/orange.css ... 
2260 bytes for ./www/plugins/iCheck/line/orange.css
copying file ./www/plugins/iCheck/line/line.png ... 
2019-11-08 12:59:51 +0000  588 bytes for ./www/plugins/iCheck/line/line.png
copying file ./www/plugins/iCheck/line/green.css ... 
2244 bytes for ./www/plugins/iCheck/line/green.css
copying file ./www/plugins/iCheck/line/_all.css ... 
21689 bytes for ./www/plugins/iCheck/line/_all.css
copying file ./www/plugins/iCheck/line/grey.css ... 
2222 bytes for ./www/plugins/iCheck/line/grey.css
copying file ./www/plugins/iCheck/icheck.js ... 
14161 bytes for ./www/plugins/iCheck/icheck.js
copying file ./www/plugins/iCheck/futurico/futurico.png ... 
2019-11-08 12:59:51 +0000  1734 bytes for ./www/plugins/iCheck/futurico/futurico.png
copying file ./www/plugins/iCheck/futurico/futurico.css ... 
1421 bytes for ./www/plugins/iCheck/futurico/futurico.css
copying file ./www/plugins/iCheck/futurico/futurico@2x.png ... 
2019-11-08 12:59:51 +0000  3446 bytes for ./www/plugins/iCheck/futurico/futurico@2x.png
copying file ./www/plugins/cordova-plugin-badge/www/badge.js ... 
8152 bytes for ./www/plugins/cordova-plugin-badge/www/badge.js
copying file ./www/plugins/cordova-plugin-camera/www/CameraPopoverOptions.js ... 
2640 bytes for ./www/plugins/cordova-plugin-camera/www/CameraPopoverOptions.js
copying file ./www/plugins/cordova-plugin-camera/www/ios/CameraPopoverHandle.js ... 
2291 bytes for ./www/plugins/cordova-plugin-camera/www/ios/CameraPopoverHandle.js
copying file ./www/plugins/cordova-plugin-camera/www/CameraConstants.js ... 
3488 bytes for ./www/plugins/cordova-plugin-camera/www/CameraConstants.js
copying file ./www/plugins/cordova-plugin-camera/www/Camera.js ... 
7995 bytes for ./www/plugins/cordova-plugin-camera/www/Camera.js
copying file ./www/plugins/cordova-plugin-splashscreen/www/splashscreen.js ... 
1206 bytes for ./www/plugins/cordova-plugin-splashscreen/www/splashscreen.js
copying file ./www/plugins/cordova-plugin-x-socialsharing/www/SocialSharing.js ... 
2019-11-08 12:59:52 +0000  8026 bytes for ./www/plugins/cordova-plugin-x-socialsharing/www/SocialSharing.js
copying file ./www/js/FileSaver.js ... 
5965 bytes for ./www/js/FileSaver.js
copying file ./www/js/tui-color-picker.js ... 
90996 bytes for ./www/js/tui-color-picker.js
copying file ./www/js/adminlte.js ... 
28891 bytes for ./www/js/adminlte.js
copying file ./www/js/bootstrap.js ... 
75484 bytes for ./www/js/bootstrap.js
copying file ./www/js/tui-image-editor.js ... 
698103 bytes for ./www/js/tui-image-editor.js
copying file ./www/js/fabric.js ... 
927528 bytes for ./www/js/fabric.js
copying file ./www/js/toastr.min.js ... 
5251 bytes for ./www/js/toastr.min.js
copying file ./www/js/main.js ... 
9186 bytes for ./www/js/main.js
copying file ./www/js/service-mobile.js ... 
24681 bytes for ./www/js/service-mobile.js
copying file ./www/js/theme/white-theme.js ... 
2748 bytes for ./www/js/theme/white-theme.js
copying file ./www/js/theme/black-theme.js ... 
2724 bytes for ./www/js/theme/black-theme.js
copying file ./www/js/tui-code-snippet.js ... 
119617 bytes for ./www/js/tui-code-snippet.js
copying file ./www/js/toastr.js.map ... 
2019-11-08 12:59:52 +0000  25633 bytes for ./www/js/toastr.js.map
2019-11-08 12:59:52 +0000  copying file ./www/js/service-basic.js ... 
25317 bytes for ./www/js/service-basic.js
copying file ./www/js/jquery.js ... 
2019-11-08 12:59:52 +0000  271751 bytes for ./www/js/jquery.js
copying file ./www/editor.html ... 
12116 bytes for ./www/editor.html
copying file ./www/php/handler.php ... 
3002 bytes for ./www/php/handler.php
copying file ./www/img/credit/american-express.png ... 
2019-11-08 12:59:53 +0000  2163 bytes for ./www/img/credit/american-express.png
copying file ./www/img/credit/paypal2.png ... 
2019-11-08 12:59:53 +0000  1219 bytes for ./www/img/credit/paypal2.png
copying file ./www/img/credit/visa.png ... 
1061 bytes for ./www/img/credit/visa.png
copying file ./www/img/credit/mestro.png ... 
1581 bytes for ./www/img/credit/mestro.png
copying file ./www/img/credit/cirrus.png ... 
1582 bytes for ./www/img/credit/cirrus.png
copying file ./www/img/credit/mastercard.png ... 
1589 bytes for ./www/img/credit/mastercard.png
copying file ./www/img/credit/paypal.png ... 
2019-11-08 12:59:53 +0000  2033 bytes for ./www/img/credit/paypal.png
2019-11-08 12:59:54 +0000  copying file ./www/img/4_tn.jpg ... 
2019-11-08 12:59:54 +0000  3103 bytes for ./www/img/4_tn.jpg
copying file ./www/img/download.png ... 
2019-11-08 12:59:54 +0000  786 bytes for ./www/img/download.png
copying file ./www/img/6_tn.jpg ... 
2019-11-08 12:59:55 +0000  2994 bytes for ./www/img/6_tn.jpg
copying file ./www/img/default-50x50.gif ... 
184 bytes for ./www/img/default-50x50.gif
copying file ./www/img/2_tn.jpg ... 
2019-11-08 12:59:55 +0000  2205 bytes for ./www/img/2_tn.jpg
copying file ./www/img/openImage.png ... 
813 bytes for ./www/img/openImage.png
copying file ./www/img/5_tn.jpg ... 
2019-11-08 12:59:55 +0000  2529 bytes for ./www/img/5_tn.jpg
copying file ./www/img/icons.png ... 
1142 bytes for ./www/img/icons.png
copying file ./www/img/TOASTUIComponent.org.png ... 
2019-11-08 12:59:56 +0000  28489 bytes for ./www/img/TOASTUIComponent.org.png
copying file ./www/img/TOASTUIComponent.png ... 
2019-11-08 12:59:56 +0000  4245 bytes for ./www/img/TOASTUIComponent.png
copying file ./www/img/undo.png ... 
672 bytes for ./www/img/undo.png
copying file ./www/img/remove.png ... 
1259 bytes for ./www/img/remove.png
copying file ./www/img/share.png ... 
2019-11-08 12:59:56 +0000  1787 bytes for ./www/img/share.png
copying file ./www/img/4.jpg ... 
2019-11-08 12:59:57 +0000  564845 bytes for ./www/img/4.jpg
copying file ./www/img/5.jpg ... 
2019-11-08 12:59:57 +0000  54796 bytes for ./www/img/5.jpg
copying file ./www/img/3_tn.jpg ... 
3310 bytes for ./www/img/3_tn.jpg
copying file ./www/img/6.jpg ... 
61375 bytes for ./www/img/6.jpg
copying file ./www/img/2.jpg ... 
2019-11-08 12:59:58 +0000  248764 bytes for ./www/img/2.jpg
copying file ./www/img/redo.png ... 
2019-11-08 12:59:59 +0000  682 bytes for ./www/img/redo.png
copying file ./www/img/mask.png ... 
2019-11-08 12:59:59 +0000  24984 bytes for ./www/img/mask.png
2019-11-08 12:59:59 +0000  copying file ./www/img/1_tn.jpg ... 
2019-11-08 13:00:00 +0000  3397 bytes for ./www/img/1_tn.jpg
copying file ./www/img/back.png ... 
23204 bytes for ./www/img/back.png
copying file ./www/img/3.jpg ... 
2019-11-08 13:00:00 +0000  399683 bytes for ./www/img/3.jpg
copying file ./www/img/1.jpg ... 
2019-11-08 13:00:01 +0000  464814 bytes for ./www/img/1.jpg
2019-11-08 13:00:01 +0000  copying file ./www/img/bg.png ... 
929 bytes for ./www/img/bg.png
copying file ./www/cordova-js-src/exec.js ... 
2019-11-08 13:00:02 +0000  8877 bytes for ./www/cordova-js-src/exec.js
copying file ./www/cordova-js-src/plugin/ios/logger.js ... 
10233 bytes for ./www/cordova-js-src/plugin/ios/logger.js
copying file ./www/cordova-js-src/plugin/ios/console.js ... 
6822 bytes for ./www/cordova-js-src/plugin/ios/console.js
copying file ./www/cordova-js-src/platform.js ... 
1168 bytes for ./www/cordova-js-src/platform.js
copying file ./www/cordova_plugins.js ... 
8655 bytes for ./www/cordova_plugins.js
copying file ./www/login.withEditor.html ... 
17429 bytes for ./www/login.withEditor.html
2019-11-08 13:00:02 +0000  copying file ./www/fonts/fontawesome-webfont.svg ... 
2019-11-08 13:00:03 +0000  444379 bytes for ./www/fonts/fontawesome-webfont.svg
2019-11-08 13:00:03 +0000  copying file ./www/fonts/FontAwesome.otf ... 
134808 bytes for ./www/fonts/FontAwesome.otf
copying file ./www/fonts/glyphicons-halflings-regular.woff ... 
23424 bytes for ./www/fonts/glyphicons-halflings-regular.woff
copying file ./www/fonts/glyphicons-halflings-regular.eot ... 
20127 bytes for ./www/fonts/glyphicons-halflings-regular.eot
copying file ./www/fonts/glyphicons-halflings-regular.woff2 ... 
18028 bytes for ./www/fonts/glyphicons-halflings-regular.woff2
copying file ./www/fonts/glyphicons-halflings-regular.ttf ... 
45404 bytes for ./www/fonts/glyphicons-halflings-regular.ttf
copying file ./www/fonts/fontawesome-webfont.woff2 ... 
77160 bytes for ./www/fonts/fontawesome-webfont.woff2
copying file ./www/fonts/fontawesome-webfont.ttf ... 
165548 bytes for ./www/fonts/fontawesome-webfont.ttf
copying file ./www/fonts/fontawesome-webfont.woff ... 
98024 bytes for ./www/fonts/fontawesome-webfont.woff
copying file ./www/fonts/glyphicons-halflings-regular.svg ... 
2019-11-08 13:00:03 +0000  108738 bytes for ./www/fonts/glyphicons-halflings-regular.svg
copying file ./www/fonts/fontawesome-webfont.eot ... 
2019-11-08 13:00:04 +0000  165742 bytes for ./www/fonts/fontawesome-webfont.eot
2019-11-08 13:00:04 +0000  copying file ./Assets.car ... 
2019-11-08 13:00:05 +0000  563928 bytes for ./Assets.car
2019-11-08 13:00:05 +0000  copying file ./AppIcon40x40@2x~ipad.png ... 
2151 bytes for ./AppIcon40x40@2x~ipad.png
copying file ./AppIcon76x76@2x~ipad.png ... 
2019-11-08 13:00:06 +0000  4045 bytes for ./AppIcon76x76@2x~ipad.png
2019-11-08 13:00:06 +0000  copying file ./LaunchImage-800-Portrait-736h@3x.png ... 
2019-11-08 13:00:06 +0000  361431 bytes for ./LaunchImage-800-Portrait-736h@3x.png
copying file ./AppIcon72x72~ipad.png ... 
1901 bytes for ./AppIcon72x72~ipad.png
2019-11-08 13:00:07 +0000  copying file ./CDVLaunchScreen.storyboardc/01J-lp-oVM-view-Ze5-6b-2t3.nib ... 
2019-11-08 13:00:07 +0000  2283 bytes for ./CDVLaunchScreen.storyboardc/01J-lp-oVM-view-Ze5-6b-2t3.nib
copying file ./CDVLaunchScreen.storyboardc/UIViewController-01J-lp-oVM.nib ... 
2019-11-08 13:00:07 +0000  832 bytes for ./CDVLaunchScreen.storyboardc/UIViewController-01J-lp-oVM.nib
copying file ./CDVLaunchScreen.storyboardc/Info.plist ... 
2019-11-08 13:00:07 +0000  258 bytes for ./CDVLaunchScreen.storyboardc/Info.plist
2019-11-08 13:00:07 +0000  copying file ./LaunchImage-700@2x.png ... 
2019-11-08 13:00:07 +0000  147611 bytes for ./LaunchImage-700@2x.png
2019-11-08 13:00:08 +0000  copying file ./AppIcon83.5x83.5@2x~ipad.png ... 
4389 bytes for ./AppIcon83.5x83.5@2x~ipad.png
copying file ./LaunchImage-700-568h@2x.png ... 
2019-11-08 13:00:08 +0000  148630 bytes for ./LaunchImage-700-568h@2x.png
2019-11-08 13:00:09 +0000  copying file ./AppIcon50x50~ipad.png ... 
1332 bytes for ./AppIcon50x50~ipad.png
copying file ./Clav App ... 
870096 bytes for ./Clav App
copying file ./AppIcon29x29@2x~ipad.png ... 
2019-11-08 13:00:09 +0000  1602 bytes for ./AppIcon29x29@2x~ipad.png
copying file ./AppIcon50x50@2x~ipad.png ... 
2019-11-08 13:00:09 +0000  2597 bytes for ./AppIcon50x50@2x~ipad.png
copying file ./AppIcon40x40~ipad.png ... 
1013 bytes for ./AppIcon40x40~ipad.png
copying file ./AppIcon20x20~ipad.png ... 
485 bytes for ./AppIcon20x20~ipad.png
copying file ./LaunchImage.png ... 
2019-11-08 13:00:10 +0000  46533 bytes for ./LaunchImage.png
copying file ./embedded.mobileprovision ... 
11596 bytes for ./embedded.mobileprovision
copying file ./AppIcon20x20@2x~ipad.png ... 
2019-11-08 13:00:10 +0000  1013 bytes for ./AppIcon20x20@2x~ipad.png
copying file ./Info.plist ... 
2239 bytes for ./Info.plist
copying file ./PkgInfo ... 
8 bytes for ./PkgInfo
copying file ./AppIcon76x76~ipad.png ... 
2019-11-08 13:00:11 +0000  2029 bytes for ./AppIcon76x76~ipad.png
2019-11-08 13:00:11 +0000  /usr/bin/ditto exited with 0
2019-11-08 13:00:11 +0000  Processing step: IDEDistributionEmbedProfileStep
2019-11-08 13:00:12 +0000  Processing step: IDEDistributionAppThinningPlistStep
2019-11-08 13:00:13 +0000  Skipping step: IDEDistributionAppThinningPlistStep because it said so
2019-11-08 13:00:13 +0000  Processing step: IDEDistributionCompileBitcodeStep
2019-11-08 13:00:13 +0000  Skipping step: IDEDistributionCompileBitcodeStep because it said so
2019-11-08 13:00:13 +0000  Processing step: IDEDistributionCodeSlimmingStep
2019-11-08 13:00:15 +0000  Processing step: IDEDistributionCopyBCSymbolMapsStep
2019-11-08 13:00:15 +0000  Skipping step: IDEDistributionCopyBCSymbolMapsStep because it said so
2019-11-08 13:00:15 +0000  Processing step: IDEDistributionSymbolsStep
2019-11-08 13:00:15 +0000  Skipping step: IDEDistributionSymbolsStep because it said so
2019-11-08 13:00:16 +0000  Processing step: IDEDistributionAppThinningStep
2019-11-08 13:00:16 +0000  Skipping step: IDEDistributionAppThinningStep because it said so
2019-11-08 13:00:17 +0000  Processing step: IDEDistributionArchThinningStep
2019-11-08 13:00:18 +0000  Running /Applications/Xcode.app/Contents/Developer/Toolchains/XcodeDefault.xctoolchain/usr/bin/lipo '/var/folders/6h/lw34ksgs0398nsw00grhtthh0000gp/T/XcodeDistPipeline.~~~6pNPlK/Root/Payload/Clav App.app/Clav App' '-verify_arch' 'arm64e'
2019-11-08 13:00:19 +0000  /Applications/Xcode.app/Contents/Developer/Toolchains/XcodeDefault.xctoolchain/usr/bin/lipo exited with 1
2019-11-08 13:00:19 +0000  Skipping architecture thinning for item "Clav App" because arch "arm64e" wasn't found
2019-11-08 13:00:19 +0000  Processing step: IDEDistributionODRStep
2019-11-08 13:00:20 +0000  Processing step: IDEDistributionStripXattrsStep
2019-11-08 13:00:20 +0000  Running /usr/bin/xattr '-crs' '/var/folders/6h/lw34ksgs0398nsw00grhtthh0000gp/T/XcodeDistPipeline.~~~6pNPlK/Root/Payload/Clav App.app'
2019-11-08 13:01:08 +0000  /usr/bin/xattr exited with 0
2019-11-08 13:01:08 +0000  Processing step: IDEDistributionCodesignStep
2019-11-08 13:01:09 +0000  Entitlements for <IDEDistributionItem: 0x7fc159bad6f0 'com.rsalesarm.clavapp' '<DVTFilePath:0x7fc159d3e0e0:'/Users/administrator/Library/Developer/Xcode/Archives/2019-11-08/Clav App 08-11-19, 6.24 PM.xcarchive/Products/Applications/Clav App.app'>'>: {
    "application-identifier" = "99WFW77CV4.com.rsalesarm.clavapp";
    "com.apple.developer.team-identifier" = 99WFW77CV4;
    "get-task-allow" = 0;
}
2019-11-08 13:01:09 +0000  Writing entitlements for <IDEDistributionItem: 0x7fc159bad6f0 'com.rsalesarm.clavapp' '<DVTFilePath:0x7fc159d3e0e0:'/Users/administrator/Library/Developer/Xcode/Archives/2019-11-08/Clav App 08-11-19, 6.24 PM.xcarchive/Products/Applications/Clav App.app'>'> to: /var/folders/6h/lw34ksgs0398nsw00grhtthh0000gp/T/XcodeDistPipeline.~~~6pNPlK/entitlements~~~9kNiuu
2019-11-08 13:01:10 +0000  Running /usr/bin/codesign '-vvv' '--force' '--sign' '945DD7EBFC763C190A14B6B37D94E177FEC87473' '--entitlements' '/var/folders/6h/lw34ksgs0398nsw00grhtthh0000gp/T/XcodeDistPipeline.~~~6pNPlK/entitlements~~~9kNiuu' '--preserve-metadata=identifier,flags,runtime' '/var/folders/6h/lw34ksgs0398nsw00grhtthh0000gp/T/XcodeDistPipeline.~~~6pNPlK/Root/Payload/Clav App.app'
2019-11-08 13:01:17 +0000  /var/folders/6h/lw34ksgs0398nsw00grhtthh0000gp/T/XcodeDistPipeline.~~~6pNPlK/Root/Payload/Clav App.app: replacing existing signature
2019-11-08 13:02:57 +0000  /var/folders/6h/lw34ksgs0398nsw00grhtthh0000gp/T/XcodeDistPipeline.~~~6pNPlK/Root/Payload/Clav App.app: signed app bundle with Mach-O universal (armv7 arm64) [com.rsalesarm.clavapp]
2019-11-08 13:02:57 +0000  /usr/bin/codesign exited with 0
2019-11-08 13:02:58 +0000  Processing step: IDEDistributionZipODRItemStep
2019-11-08 13:02:59 +0000  Skipping step: IDEDistributionZipODRItemStep because it said so
2019-11-08 13:02:59 +0000  Processing step: IDEDistributionCreateIPAStep
2019-11-08 13:02:59 +0000  Running /usr/bin/ditto '-V' '-c' '-k' '--norsrc' '/var/folders/6h/lw34ksgs0398nsw00grhtthh0000gp/T/XcodeDistPipeline.~~~6pNPlK/Root' '/var/folders/6h/lw34ksgs0398nsw00grhtthh0000gp/T/XcodeDistPipeline.~~~6pNPlK/Packages/Clav App.ipa'
2019-11-08 13:03:01 +0000  >>> Copying /var/folders/6h/lw34ksgs0398nsw00grhtthh0000gp/T/XcodeDistPipeline.~~~6pNPlK/Root 
2019-11-08 13:03:03 +0000  copying file ./Payload/Clav App.app/_CodeSignature/CodeResources ... 
2019-11-08 13:03:03 +0000  98109 bytes for ./Payload/Clav App.app/_CodeSignature/CodeResources
2019-11-08 13:03:03 +0000  copying file ./Payload/Clav App.app/LaunchImage-1100-Portrait-2436h@3x.png ... 
2019-11-08 13:03:04 +0000  308957 bytes for ./Payload/Clav App.app/LaunchImage-1100-Portrait-2436h@3x.png
copying file ./Payload/Clav App.app/LaunchImage@2x.png ... 
2019-11-08 13:03:04 +0000  147611 bytes for ./Payload/Clav App.app/LaunchImage@2x.png
copying file ./Payload/Clav App.app/AppIcon20x20@2x.png ... 
2019-11-08 13:03:04 +0000  1999 bytes for ./Payload/Clav App.app/AppIcon20x20@2x.png
2019-11-08 13:03:05 +0000  copying file ./Payload/Clav App.app/MainViewController.nib ... 
943 bytes for ./Payload/Clav App.app/MainViewController.nib
copying file ./Payload/Clav App.app/AppIcon57x57.png ... 
3540 bytes for ./Payload/Clav App.app/AppIcon57x57.png
copying file ./Payload/Clav App.app/AppIcon20x20@3x.png ... 
3966 bytes for ./Payload/Clav App.app/AppIcon20x20@3x.png
copying file ./Payload/Clav App.app/AppIcon29x29.png ... 
1249 bytes for ./Payload/Clav App.app/AppIcon29x29.png
copying file ./Payload/Clav App.app/LaunchImage-568h@2x.png ... 
2019-11-08 13:03:05 +0000  148630 bytes for ./Payload/Clav App.app/LaunchImage-568h@2x.png
copying file ./Payload/Clav App.app/AppIcon60x60@2x.png ... 
2019-11-08 13:03:05 +0000  13326 bytes for ./Payload/Clav App.app/AppIcon60x60@2x.png
2019-11-08 13:03:05 +0000  copying file ./Payload/Clav App.app/AppIcon72x72@2x~ipad.png ... 
2019-11-08 13:03:06 +0000  3838 bytes for ./Payload/Clav App.app/AppIcon72x72@2x~ipad.png
copying file ./Payload/Clav App.app/AppIcon29x29@2x.png ... 
3722 bytes for ./Payload/Clav App.app/AppIcon29x29@2x.png
copying file ./Payload/Clav App.app/LaunchImage-1100-Landscape-2436h@3x.png ... 
2019-11-08 13:03:06 +0000  321222 bytes for ./Payload/Clav App.app/LaunchImage-1100-Landscape-2436h@3x.png
2019-11-08 13:03:06 +0000  copying file ./Payload/Clav App.app/LaunchImage-800-667h@2x.png ... 
2019-11-08 13:03:07 +0000  170335 bytes for ./Payload/Clav App.app/LaunchImage-800-667h@2x.png
2019-11-08 13:03:07 +0000  copying file ./Payload/Clav App.app/AppIcon40x40@3x.png ... 
13326 bytes for ./Payload/Clav App.app/AppIcon40x40@3x.png
copying file ./Payload/Clav App.app/AppIcon57x57@2x.png ... 
2019-11-08 13:03:07 +0000  12382 bytes for ./Payload/Clav App.app/AppIcon57x57@2x.png
2019-11-08 13:03:08 +0000  copying file ./Payload/Clav App.app/AppIcon29x29~ipad.png ... 
736 bytes for ./Payload/Clav App.app/AppIcon29x29~ipad.png
copying file ./Payload/Clav App.app/AppIcon40x40@2x.png ... 
6527 bytes for ./Payload/Clav App.app/AppIcon40x40@2x.png
copying file ./Payload/Clav App.app/AppIcon29x29@3x.png ... 
7697 bytes for ./Payload/Clav App.app/AppIcon29x29@3x.png
copying file ./Payload/Clav App.app/AppIcon60x60@3x.png ... 
27263 bytes for ./Payload/Clav App.app/AppIcon60x60@3x.png
copying file ./Payload/Clav App.app/config.xml ... 
5884 bytes for ./Payload/Clav App.app/config.xml
2019-11-08 13:03:08 +0000  copying file ./Payload/Clav App.app/www/favicon.ico ... 
2019-11-08 13:03:08 +0000  15086 bytes for ./Payload/Clav App.app/www/favicon.ico
2019-11-08 13:03:08 +0000  copying file ./Payload/Clav App.app/www/index.html ... 
8917 bytes for ./Payload/Clav App.app/www/index.html
copying file ./Payload/Clav App.app/www/cordova.js ... 
2019-11-08 13:03:08 +0000  69139 bytes for ./Payload/Clav App.app/www/cordova.js
copying file ./Payload/Clav App.app/www/css/tui-example-style.css ... 
2019-11-08 13:03:09 +0000  305 bytes for ./Payload/Clav App.app/www/css/tui-example-style.css
copying file ./Payload/Clav App.app/www/css/service-basic.css ... 
2019-11-08 13:03:09 +0000  2317 bytes for ./Payload/Clav App.app/www/css/service-basic.css
copying file ./Payload/Clav App.app/www/css/bootstrap.css ... 
2019-11-08 13:03:09 +0000  145933 bytes for ./Payload/Clav App.app/www/css/bootstrap.css
2019-11-08 13:03:09 +0000  copying file ./Payload/Clav App.app/www/css/service-mobile.css ... 
4124 bytes for ./Payload/Clav App.app/www/css/service-mobile.css
2019-11-08 13:03:09 +0000  copying file ./Payload/Clav App.app/www/css/skins/skin-yellow.css ... 
2019-11-08 13:03:09 +0000  3560 bytes for ./Payload/Clav App.app/www/css/skins/skin-yellow.css
copying file ./Payload/Clav App.app/www/css/skins/skin-yellow.min.css ... 
2019-11-08 13:03:10 +0000  3055 bytes for ./Payload/Clav App.app/www/css/skins/skin-yellow.min.css
copying file ./Payload/Clav App.app/www/css/skins/skin-red.css ... 
2019-11-08 13:03:10 +0000  3419 bytes for ./Payload/Clav App.app/www/css/skins/skin-red.css
copying file ./Payload/Clav App.app/www/css/skins/skin-black-light.css ... 
2019-11-08 13:03:10 +0000  4775 bytes for ./Payload/Clav App.app/www/css/skins/skin-black-light.css
2019-11-08 13:03:10 +0000  copying file ./Payload/Clav App.app/www/css/skins/skin-purple-light.min.css ... 
3768 bytes for ./Payload/Clav App.app/www/css/skins/skin-purple-light.min.css
2019-11-08 13:03:10 +0000  copying file ./Payload/Clav App.app/www/css/skins/_all-skins.css ... 
48407 bytes for ./Payload/Clav App.app/www/css/skins/_all-skins.css
copying file ./Payload/Clav App.app/www/css/skins/skin-yellow-light.min.css ... 
3768 bytes for ./Payload/Clav App.app/www/css/skins/skin-yellow-light.min.css
copying file ./Payload/Clav App.app/www/css/skins/skin-green-light.css ... 
4299 bytes for ./Payload/Clav App.app/www/css/skins/skin-green-light.css
2019-11-08 13:03:11 +0000  copying file ./Payload/Clav App.app/www/css/skins/skin-black.css ... 
4163 bytes for ./Payload/Clav App.app/www/css/skins/skin-black.css
copying file ./Payload/Clav App.app/www/css/skins/skin-green-light.min.css ... 
3719 bytes for ./Payload/Clav App.app/www/css/skins/skin-green-light.min.css
copying file ./Payload/Clav App.app/www/css/skins/skin-yellow-light.css ... 
4350 bytes for ./Payload/Clav App.app/www/css/skins/skin-yellow-light.css
copying file ./Payload/Clav App.app/www/css/skins/skin-black.min.css ... 
3513 bytes for ./Payload/Clav App.app/www/css/skins/skin-black.min.css
copying file ./Payload/Clav App.app/www/css/skins/skin-green.min.css ... 
3010 bytes for ./Payload/Clav App.app/www/css/skins/skin-green.min.css
copying file ./Payload/Clav App.app/www/css/skins/skin-purple-light.css ... 
2019-11-08 13:03:11 +0000  4350 bytes for ./Payload/Clav App.app/www/css/skins/skin-purple-light.css
copying file ./Payload/Clav App.app/www/css/skins/skin-purple.min.css ... 
3055 bytes for ./Payload/Clav App.app/www/css/skins/skin-purple.min.css
copying file ./Payload/Clav App.app/www/css/skins/skin-black-light.min.css ... 
4082 bytes for ./Payload/Clav App.app/www/css/skins/skin-black-light.min.css
copying file ./Payload/Clav App.app/www/css/skins/skin-blue.css ... 
2019-11-08 13:03:11 +0000  3688 bytes for ./Payload/Clav App.app/www/css/skins/skin-blue.css
copying file ./Payload/Clav App.app/www/css/skins/skin-red-light.min.css ... 
3621 bytes for ./Payload/Clav App.app/www/css/skins/skin-red-light.min.css
copying file ./Payload/Clav App.app/www/css/skins/skin-blue-light.css ... 
4533 bytes for ./Payload/Clav App.app/www/css/skins/skin-blue-light.css
copying file ./Payload/Clav App.app/www/css/skins/skin-blue.min.css ... 
2019-11-08 13:03:11 +0000  3156 bytes for ./Payload/Clav App.app/www/css/skins/skin-blue.min.css
copying file ./Payload/Clav App.app/www/css/skins/skin-green.css ... 
3513 bytes for ./Payload/Clav App.app/www/css/skins/skin-green.css
copying file ./Payload/Clav App.app/www/css/skins/skin-red-light.css ... 
4197 bytes for ./Payload/Clav App.app/www/css/skins/skin-red-light.css
copying file ./Payload/Clav App.app/www/css/skins/skin-purple.css ... 
3560 bytes for ./Payload/Clav App.app/www/css/skins/skin-purple.css
copying file ./Payload/Clav App.app/www/css/skins/_all-skins.min.css ... 
41583 bytes for ./Payload/Clav App.app/www/css/skins/_all-skins.min.css
copying file ./Payload/Clav App.app/www/css/skins/skin-blue-light.min.css ... 
2019-11-08 13:03:13 +0000  3916 bytes for ./Payload/Clav App.app/www/css/skins/skin-blue-light.min.css
2019-11-08 13:03:13 +0000  copying file ./Payload/Clav App.app/www/css/skins/skin-red.min.css ... 
2920 bytes for ./Payload/Clav App.app/www/css/skins/skin-red.min.css
copying file ./Payload/Clav App.app/www/css/AdminLTE.css ... 
2019-11-08 13:03:14 +0000  111573 bytes for ./Payload/Clav App.app/www/css/AdminLTE.css
2019-11-08 13:03:14 +0000  copying file ./Payload/Clav App.app/www/css/bootstrap.css.map ... 
2019-11-08 13:03:14 +0000  390887 bytes for ./Payload/Clav App.app/www/css/bootstrap.css.map
2019-11-08 13:03:14 +0000  copying file ./Payload/Clav App.app/www/css/toastr.css ... 
7595 bytes for ./Payload/Clav App.app/www/css/toastr.css
copying file ./Payload/Clav App.app/www/css/tui-color-picker.css ... 
2019-11-08 13:03:14 +0000  4180 bytes for ./Payload/Clav App.app/www/css/tui-color-picker.css
copying file ./Payload/Clav App.app/www/css/font-awesome.css ... 
2019-11-08 13:03:15 +0000  37414 bytes for ./Payload/Clav App.app/www/css/font-awesome.css
copying file ./Payload/Clav App.app/www/css/font-awesome.css.map ... 
2019-11-08 13:03:15 +0000  21778 bytes for ./Payload/Clav App.app/www/css/font-awesome.css.map
2019-11-08 13:03:15 +0000  copying file ./Payload/Clav App.app/www/css/toastr.js.map ... 
2019-11-08 13:03:15 +0000  25633 bytes for ./Payload/Clav App.app/www/css/toastr.js.map
copying file ./Payload/Clav App.app/www/css/adminlte.css.map ... 
2019-11-08 13:03:15 +0000  309656 bytes for ./Payload/Clav App.app/www/css/adminlte.css.map
2019-11-08 13:03:15 +0000  copying file ./Payload/Clav App.app/www/css/ionicons.css ... 
2019-11-08 13:03:16 +0000  57193 bytes for ./Payload/Clav App.app/www/css/ionicons.css
2019-11-08 13:03:16 +0000  copying file ./Payload/Clav App.app/www/plugins/cordova-plugin-file/www/requestFileSystem.js ... 
2019-11-08 13:03:16 +0000  3244 bytes for ./Payload/Clav App.app/www/plugins/cordova-plugin-file/www/requestFileSystem.js
copying file ./Payload/Clav App.app/www/plugins/cordova-plugin-file/www/DirectoryEntry.js ... 
2019-11-08 13:03:16 +0000  4681 bytes for ./Payload/Clav App.app/www/plugins/cordova-plugin-file/www/DirectoryEntry.js
copying file ./Payload/Clav App.app/www/plugins/cordova-plugin-file/www/FileSystem.js ... 
1960 bytes for ./Payload/Clav App.app/www/plugins/cordova-plugin-file/www/FileSystem.js
copying file ./Payload/Clav App.app/www/plugins/cordova-plugin-file/www/Flags.js ... 
2019-11-08 13:03:16 +0000  1336 bytes for ./Payload/Clav App.app/www/plugins/cordova-plugin-file/www/Flags.js
copying file ./Payload/Clav App.app/www/plugins/cordova-plugin-file/www/fileSystemPaths.js ... 
2019-11-08 13:03:17 +0000  2548 bytes for ./Payload/Clav App.app/www/plugins/cordova-plugin-file/www/fileSystemPaths.js
copying file ./Payload/Clav App.app/www/plugins/cordova-plugin-file/www/FileEntry.js ... 
2019-11-08 13:03:17 +0000  3423 bytes for ./Payload/Clav App.app/www/plugins/cordova-plugin-file/www/FileEntry.js
2019-11-08 13:03:17 +0000  copying file ./Payload/Clav App.app/www/plugins/cordova-plugin-file/www/fileSystems.js ... 
1047 bytes for ./Payload/Clav App.app/www/plugins/cordova-plugin-file/www/fileSystems.js
copying file ./Payload/Clav App.app/www/plugins/cordova-plugin-file/www/DirectoryReader.js ... 
2019-11-08 13:03:17 +0000  2724 bytes for ./Payload/Clav App.app/www/plugins/cordova-plugin-file/www/DirectoryReader.js
copying file ./Payload/Clav App.app/www/plugins/cordova-plugin-file/www/Metadata.js ... 
1488 bytes for ./Payload/Clav App.app/www/plugins/cordova-plugin-file/www/Metadata.js
2019-11-08 13:03:17 +0000  copying file ./Payload/Clav App.app/www/plugins/cordova-plugin-file/www/ios/FileSystem.js ... 
1222 bytes for ./Payload/Clav App.app/www/plugins/cordova-plugin-file/www/ios/FileSystem.js
copying file ./Payload/Clav App.app/www/plugins/cordova-plugin-file/www/browser/isChrome.js ... 
2019-11-08 13:03:18 +0000  1206 bytes for ./Payload/Clav App.app/www/plugins/cordova-plugin-file/www/browser/isChrome.js
copying file ./Payload/Clav App.app/www/plugins/cordova-plugin-file/www/LocalFileSystem.js ... 
2019-11-08 13:03:18 +0000  957 bytes for ./Payload/Clav App.app/www/plugins/cordova-plugin-file/www/LocalFileSystem.js
copying file ./Payload/Clav App.app/www/plugins/cordova-plugin-file/www/FileReader.js ... 
10523 bytes for ./Payload/Clav App.app/www/plugins/cordova-plugin-file/www/FileReader.js
copying file ./Payload/Clav App.app/www/plugins/cordova-plugin-file/www/fileSystems-roots.js ... 
2019-11-08 13:03:18 +0000  1646 bytes for ./Payload/Clav App.app/www/plugins/cordova-plugin-file/www/fileSystems-roots.js
copying file ./Payload/Clav App.app/www/plugins/cordova-plugin-file/www/FileUploadOptions.js ... 
2019-11-08 13:03:18 +0000  1831 bytes for ./Payload/Clav App.app/www/plugins/cordova-plugin-file/www/FileUploadOptions.js
copying file ./Payload/Clav App.app/www/plugins/cordova-plugin-file/www/FileWriter.js ... 
2019-11-08 13:03:18 +0000  10586 bytes for ./Payload/Clav App.app/www/plugins/cordova-plugin-file/www/FileWriter.js
2019-11-08 13:03:18 +0000  copying file ./Payload/Clav App.app/www/plugins/cordova-plugin-file/www/FileError.js ... 
1483 bytes for ./Payload/Clav App.app/www/plugins/cordova-plugin-file/www/FileError.js
copying file ./Payload/Clav App.app/www/plugins/cordova-plugin-file/www/FileUploadResult.js ... 
2019-11-08 13:03:19 +0000  1111 bytes for ./Payload/Clav App.app/www/plugins/cordova-plugin-file/www/FileUploadResult.js
copying file ./Payload/Clav App.app/www/plugins/cordova-plugin-file/www/ProgressEvent.js ... 
2019-11-08 13:03:19 +0000  2544 bytes for ./Payload/Clav App.app/www/plugins/cordova-plugin-file/www/ProgressEvent.js
copying file ./Payload/Clav App.app/www/plugins/cordova-plugin-file/www/File.js ... 
2019-11-08 13:03:19 +0000  2714 bytes for ./Payload/Clav App.app/www/plugins/cordova-plugin-file/www/File.js
copying file ./Payload/Clav App.app/www/plugins/cordova-plugin-file/www/resolveLocalFileSystemURI.js ... 
2019-11-08 13:03:19 +0000  4325 bytes for ./Payload/Clav App.app/www/plugins/cordova-plugin-file/www/resolveLocalFileSystemURI.js
copying file ./Payload/Clav App.app/www/plugins/cordova-plugin-file/www/Entry.js ... 
2019-11-08 13:03:19 +0000  9869 bytes for ./Payload/Clav App.app/www/plugins/cordova-plugin-file/www/Entry.js
copying file ./Payload/Clav App.app/www/plugins/es6-promise-plugin/www/promise.js ... 
9479 bytes for ./Payload/Clav App.app/www/plugins/es6-promise-plugin/www/promise.js
copying file ./Payload/Clav App.app/www/plugins/cordova-plugin-local-notification/www/local-notification.js ... 
2019-11-08 13:03:19 +0000  9200 bytes for ./Payload/Clav App.app/www/plugins/cordova-plugin-local-notification/www/local-notification.js
copying file ./Payload/Clav App.app/www/plugins/cordova-plugin-local-notification/www/local-notification-core.js ... 
11455 bytes for ./Payload/Clav App.app/www/plugins/cordova-plugin-local-notification/www/local-notification-core.js
copying file ./Payload/Clav App.app/www/plugins/cordova-plugin-local-notification/www/local-notification-util.js ... 
2019-11-08 13:03:19 +0000  14748 bytes for ./Payload/Clav App.app/www/plugins/cordova-plugin-local-notification/www/local-notification-util.js
2019-11-08 13:03:20 +0000  copying file ./Payload/Clav App.app/www/plugins/cordova-save-image-gallery/www/saveImageGallery.js ... 
2019-11-08 13:03:20 +0000  4664 bytes for ./Payload/Clav App.app/www/plugins/cordova-save-image-gallery/www/saveImageGallery.js
copying file ./Payload/Clav App.app/www/plugins/cordova-plugin-device/www/device.js ... 
3070 bytes for ./Payload/Clav App.app/www/plugins/cordova-plugin-device/www/device.js
copying file ./Payload/Clav App.app/www/plugins/iCheck/all.css ... 
1568 bytes for ./Payload/Clav App.app/www/plugins/iCheck/all.css
2019-11-08 13:03:20 +0000  copying file ./Payload/Clav App.app/www/plugins/iCheck/flat/yellow.css ... 
2019-11-08 13:03:21 +0000  1458 bytes for ./Payload/Clav App.app/www/plugins/iCheck/flat/yellow.css
2019-11-08 13:03:21 +0000  copying file ./Payload/Clav App.app/www/plugins/iCheck/flat/blue@2x.png ... 
3217 bytes for ./Payload/Clav App.app/www/plugins/iCheck/flat/blue@2x.png
copying file ./Payload/Clav App.app/www/plugins/iCheck/flat/pink@2x.png ... 
2019-11-08 13:03:21 +0000  3218 bytes for ./Payload/Clav App.app/www/plugins/iCheck/flat/pink@2x.png
2019-11-08 13:03:22 +0000  copying file ./Payload/Clav App.app/www/plugins/iCheck/flat/pink.css ... 
2019-11-08 13:03:23 +0000  1428 bytes for ./Payload/Clav App.app/www/plugins/iCheck/flat/pink.css
copying file ./Payload/Clav App.app/www/plugins/iCheck/flat/blue.css ... 
1428 bytes for ./Payload/Clav App.app/www/plugins/iCheck/flat/blue.css
copying file ./Payload/Clav App.app/www/plugins/iCheck/flat/flat.png ... 
2019-11-08 13:03:23 +0000  1515 bytes for ./Payload/Clav App.app/www/plugins/iCheck/flat/flat.png
copying file ./Payload/Clav App.app/www/plugins/iCheck/flat/purple@2x.png ... 
2019-11-08 13:03:23 +0000  3218 bytes for ./Payload/Clav App.app/www/plugins/iCheck/flat/purple@2x.png
2019-11-08 13:03:23 +0000  copying file ./Payload/Clav App.app/www/plugins/iCheck/flat/orange@2x.png ... 
2019-11-08 13:03:24 +0000  3275 bytes for ./Payload/Clav App.app/www/plugins/iCheck/flat/orange@2x.png
copying file ./Payload/Clav App.app/www/plugins/iCheck/flat/grey@2x.png ... 
2019-11-08 13:03:25 +0000  3217 bytes for ./Payload/Clav App.app/www/plugins/iCheck/flat/grey@2x.png
copying file ./Payload/Clav App.app/www/plugins/iCheck/flat/yellow.png ... 
2019-11-08 13:03:25 +0000  1516 bytes for ./Payload/Clav App.app/www/plugins/iCheck/flat/yellow.png
2019-11-08 13:03:25 +0000  copying file ./Payload/Clav App.app/www/plugins/iCheck/flat/pink.png ... 
2019-11-08 13:03:25 +0000  1522 bytes for ./Payload/Clav App.app/www/plugins/iCheck/flat/pink.png
copying file ./Payload/Clav App.app/www/plugins/iCheck/flat/blue.png ... 
2019-11-08 13:03:25 +0000  1518 bytes for ./Payload/Clav App.app/www/plugins/iCheck/flat/blue.png
copying file ./Payload/Clav App.app/www/plugins/iCheck/flat/flat@2x.png ... 
2019-11-08 13:03:25 +0000  3217 bytes for ./Payload/Clav App.app/www/plugins/iCheck/flat/flat@2x.png
2019-11-08 13:03:25 +0000  copying file ./Payload/Clav App.app/www/plugins/iCheck/flat/red@2x.png ... 
3276 bytes for ./Payload/Clav App.app/www/plugins/iCheck/flat/red@2x.png
copying file ./Payload/Clav App.app/www/plugins/iCheck/flat/flat.css ... 
2019-11-08 13:03:26 +0000  1369 bytes for ./Payload/Clav App.app/www/plugins/iCheck/flat/flat.css
2019-11-08 13:03:26 +0000  copying file ./Payload/Clav App.app/www/plugins/iCheck/flat/yellow@2x.png ... 
3216 bytes for ./Payload/Clav App.app/www/plugins/iCheck/flat/yellow@2x.png
copying file ./Payload/Clav App.app/www/plugins/iCheck/flat/orange.png ... 
2019-11-08 13:03:26 +0000  1518 bytes for ./Payload/Clav App.app/www/plugins/iCheck/flat/orange.png
2019-11-08 13:03:27 +0000  copying file ./Payload/Clav App.app/www/plugins/iCheck/flat/aero.css ... 
2019-11-08 13:03:27 +0000  1428 bytes for ./Payload/Clav App.app/www/plugins/iCheck/flat/aero.css
copying file ./Payload/Clav App.app/www/plugins/iCheck/flat/green.png ... 
2019-11-08 13:03:27 +0000  1444 bytes for ./Payload/Clav App.app/www/plugins/iCheck/flat/green.png
copying file ./Payload/Clav App.app/www/plugins/iCheck/flat/aero@2x.png ... 
2019-11-08 13:03:28 +0000  3218 bytes for ./Payload/Clav App.app/www/plugins/iCheck/flat/aero@2x.png
copying file ./Payload/Clav App.app/www/plugins/iCheck/flat/grey.png ... 
2019-11-08 13:03:28 +0000  1516 bytes for ./Payload/Clav App.app/www/plugins/iCheck/flat/grey.png
2019-11-08 13:03:28 +0000  copying file ./Payload/Clav App.app/www/plugins/iCheck/flat/purple.css ... 
2019-11-08 13:03:28 +0000  1458 bytes for ./Payload/Clav App.app/www/plugins/iCheck/flat/purple.css
copying file ./Payload/Clav App.app/www/plugins/iCheck/flat/red.css ... 
1413 bytes for ./Payload/Clav App.app/www/plugins/iCheck/flat/red.css
copying file ./Payload/Clav App.app/www/plugins/iCheck/flat/orange.css ... 
2019-11-08 13:03:29 +0000  1458 bytes for ./Payload/Clav App.app/www/plugins/iCheck/flat/orange.css
copying file ./Payload/Clav App.app/www/plugins/iCheck/flat/green@2x.png ... 
3117 bytes for ./Payload/Clav App.app/www/plugins/iCheck/flat/green@2x.png
copying file ./Payload/Clav App.app/www/plugins/iCheck/flat/aero.png ... 
2019-11-08 13:03:29 +0000  1520 bytes for ./Payload/Clav App.app/www/plugins/iCheck/flat/aero.png
copying file ./Payload/Clav App.app/www/plugins/iCheck/flat/green.css ... 
1443 bytes for ./Payload/Clav App.app/www/plugins/iCheck/flat/green.css
copying file ./Payload/Clav App.app/www/plugins/iCheck/flat/_all.css ... 
2019-11-08 13:03:29 +0000  13773 bytes for ./Payload/Clav App.app/www/plugins/iCheck/flat/_all.css
copying file ./Payload/Clav App.app/www/plugins/iCheck/flat/red.png ... 
2019-11-08 13:03:29 +0000  1516 bytes for ./Payload/Clav App.app/www/plugins/iCheck/flat/red.png
2019-11-08 13:03:29 +0000  copying file ./Payload/Clav App.app/www/plugins/iCheck/flat/purple.png ... 
2019-11-08 13:03:30 +0000  1519 bytes for ./Payload/Clav App.app/www/plugins/iCheck/flat/purple.png
2019-11-08 13:03:30 +0000  copying file ./Payload/Clav App.app/www/plugins/iCheck/flat/grey.css ... 
1428 bytes for ./Payload/Clav App.app/www/plugins/iCheck/flat/grey.css
copying file ./Payload/Clav App.app/www/plugins/iCheck/icheck.min.js ... 
2019-11-08 13:03:30 +0000  4516 bytes for ./Payload/Clav App.app/www/plugins/iCheck/icheck.min.js
2019-11-08 13:03:30 +0000  copying file ./Payload/Clav App.app/www/plugins/iCheck/square/yellow.css ... 
2019-11-08 13:03:31 +0000  1645 bytes for ./Payload/Clav App.app/www/plugins/iCheck/square/yellow.css
2019-11-08 13:03:31 +0000  copying file ./Payload/Clav App.app/www/plugins/iCheck/square/blue@2x.png ... 
2019-11-08 13:03:31 +0000  4485 bytes for ./Payload/Clav App.app/www/plugins/iCheck/square/blue@2x.png
copying file ./Payload/Clav App.app/www/plugins/iCheck/square/pink@2x.png ... 
2019-11-08 13:03:32 +0000  4479 bytes for ./Payload/Clav App.app/www/plugins/iCheck/square/pink@2x.png
2019-11-08 13:03:32 +0000  copying file ./Payload/Clav App.app/www/plugins/iCheck/square/pink.css ... 
2019-11-08 13:03:32 +0000  1611 bytes for ./Payload/Clav App.app/www/plugins/iCheck/square/pink.css
copying file ./Payload/Clav App.app/www/plugins/iCheck/square/blue.css ... 
2019-11-08 13:03:32 +0000  1611 bytes for ./Payload/Clav App.app/www/plugins/iCheck/square/blue.css
copying file ./Payload/Clav App.app/www/plugins/iCheck/square/square@2x.png ... 
2019-11-08 13:03:32 +0000  4478 bytes for ./Payload/Clav App.app/www/plugins/iCheck/square/square@2x.png
copying file ./Payload/Clav App.app/www/plugins/iCheck/square/purple@2x.png ... 
2019-11-08 13:03:32 +0000  4501 bytes for ./Payload/Clav App.app/www/plugins/iCheck/square/purple@2x.png
2019-11-08 13:03:33 +0000  copying file ./Payload/Clav App.app/www/plugins/iCheck/square/orange@2x.png ... 
4474 bytes for ./Payload/Clav App.app/www/plugins/iCheck/square/orange@2x.png
copying file ./Payload/Clav App.app/www/plugins/iCheck/square/grey@2x.png ... 
4483 bytes for ./Payload/Clav App.app/www/plugins/iCheck/square/grey@2x.png
copying file ./Payload/Clav App.app/www/plugins/iCheck/square/yellow.png ... 
2019-11-08 13:03:33 +0000  2131 bytes for ./Payload/Clav App.app/www/plugins/iCheck/square/yellow.png
copying file ./Payload/Clav App.app/www/plugins/iCheck/square/pink.png ... 
2019-11-08 13:03:33 +0000  2189 bytes for ./Payload/Clav App.app/www/plugins/iCheck/square/pink.png
copying file ./Payload/Clav App.app/www/plugins/iCheck/square/blue.png ... 
2185 bytes for ./Payload/Clav App.app/www/plugins/iCheck/square/blue.png
copying file ./Payload/Clav App.app/www/plugins/iCheck/square/red@2x.png ... 
4490 bytes for ./Payload/Clav App.app/www/plugins/iCheck/square/red@2x.png
copying file ./Payload/Clav App.app/www/plugins/iCheck/square/yellow@2x.png ... 
2019-11-08 13:03:34 +0000  4385 bytes for ./Payload/Clav App.app/www/plugins/iCheck/square/yellow@2x.png
copying file ./Payload/Clav App.app/www/plugins/iCheck/square/orange.png ... 
2019-11-08 13:03:34 +0000  2181 bytes for ./Payload/Clav App.app/www/plugins/iCheck/square/orange.png
copying file ./Payload/Clav App.app/www/plugins/iCheck/square/aero.css ... 
2019-11-08 13:03:34 +0000  1611 bytes for ./Payload/Clav App.app/www/plugins/iCheck/square/aero.css
copying file ./Payload/Clav App.app/www/plugins/iCheck/square/green.png ... 
2193 bytes for ./Payload/Clav App.app/www/plugins/iCheck/square/green.png
copying file ./Payload/Clav App.app/www/plugins/iCheck/square/aero@2x.png ... 
2019-11-08 13:03:34 +0000  4455 bytes for ./Payload/Clav App.app/www/plugins/iCheck/square/aero@2x.png
copying file ./Payload/Clav App.app/www/plugins/iCheck/square/square.css ... 
2019-11-08 13:03:35 +0000  1546 bytes for ./Payload/Clav App.app/www/plugins/iCheck/square/square.css
2019-11-08 13:03:35 +0000  copying file ./Payload/Clav App.app/www/plugins/iCheck/square/grey.png ... 
2186 bytes for ./Payload/Clav App.app/www/plugins/iCheck/square/grey.png
copying file ./Payload/Clav App.app/www/plugins/iCheck/square/purple.css ... 
1645 bytes for ./Payload/Clav App.app/www/plugins/iCheck/square/purple.css
copying file ./Payload/Clav App.app/www/plugins/iCheck/square/red.css ... 
1594 bytes for ./Payload/Clav App.app/www/plugins/iCheck/square/red.css
copying file ./Payload/Clav App.app/www/plugins/iCheck/square/orange.css ... 
1645 bytes for ./Payload/Clav App.app/www/plugins/iCheck/square/orange.css
copying file ./Payload/Clav App.app/www/plugins/iCheck/square/green@2x.png ... 
4498 bytes for ./Payload/Clav App.app/www/plugins/iCheck/square/green@2x.png
copying file ./Payload/Clav App.app/www/plugins/iCheck/square/aero.png ... 
2019-11-08 13:03:35 +0000  2167 bytes for ./Payload/Clav App.app/www/plugins/iCheck/square/aero.png
copying file ./Payload/Clav App.app/www/plugins/iCheck/square/green.css ... 
2019-11-08 13:03:35 +0000  1628 bytes for ./Payload/Clav App.app/www/plugins/iCheck/square/green.css
copying file ./Payload/Clav App.app/www/plugins/iCheck/square/_all.css ... 
2019-11-08 13:03:35 +0000  15591 bytes for ./Payload/Clav App.app/www/plugins/iCheck/square/_all.css
copying file ./Payload/Clav App.app/www/plugins/iCheck/square/square.png ... 
2019-11-08 13:03:35 +0000  2175 bytes for ./Payload/Clav App.app/www/plugins/iCheck/square/square.png
copying file ./Payload/Clav App.app/www/plugins/iCheck/square/red.png ... 
2019-11-08 13:03:36 +0000  2190 bytes for ./Payload/Clav App.app/www/plugins/iCheck/square/red.png
copying file ./Payload/Clav App.app/www/plugins/iCheck/square/purple.png ... 
2188 bytes for ./Payload/Clav App.app/www/plugins/iCheck/square/purple.png
copying file ./Payload/Clav App.app/www/plugins/iCheck/square/grey.css ... 
1611 bytes for ./Payload/Clav App.app/www/plugins/iCheck/square/grey.css
copying file ./Payload/Clav App.app/www/plugins/iCheck/minimal/yellow.css ... 
1660 bytes for ./Payload/Clav App.app/www/plugins/iCheck/minimal/yellow.css
copying file ./Payload/Clav App.app/www/plugins/iCheck/minimal/blue@2x.png ... 
1410 bytes for ./Payload/Clav App.app/www/plugins/iCheck/minimal/blue@2x.png
copying file ./Payload/Clav App.app/www/plugins/iCheck/minimal/pink@2x.png ... 
2019-11-08 13:03:36 +0000  1409 bytes for ./Payload/Clav App.app/www/plugins/iCheck/minimal/pink@2x.png
2019-11-08 13:03:36 +0000  copying file ./Payload/Clav App.app/www/plugins/iCheck/minimal/pink.css ... 
1626 bytes for ./Payload/Clav App.app/www/plugins/iCheck/minimal/pink.css
copying file ./Payload/Clav App.app/www/plugins/iCheck/minimal/blue.css ... 
1626 bytes for ./Payload/Clav App.app/www/plugins/iCheck/minimal/blue.css
copying file ./Payload/Clav App.app/www/plugins/iCheck/minimal/purple@2x.png ... 
2019-11-08 13:03:36 +0000  1409 bytes for ./Payload/Clav App.app/www/plugins/iCheck/minimal/purple@2x.png
copying file ./Payload/Clav App.app/www/plugins/iCheck/minimal/orange@2x.png ... 
2019-11-08 13:03:37 +0000  1407 bytes for ./Payload/Clav App.app/www/plugins/iCheck/minimal/orange@2x.png
2019-11-08 13:03:37 +0000  copying file ./Payload/Clav App.app/www/plugins/iCheck/minimal/grey@2x.png ... 
1407 bytes for ./Payload/Clav App.app/www/plugins/iCheck/minimal/grey@2x.png
copying file ./Payload/Clav App.app/www/plugins/iCheck/minimal/yellow.png ... 
2019-11-08 13:03:37 +0000  1135 bytes for ./Payload/Clav App.app/www/plugins/iCheck/minimal/yellow.png
copying file ./Payload/Clav App.app/www/plugins/iCheck/minimal/pink.png ... 
2019-11-08 13:03:37 +0000  1150 bytes for ./Payload/Clav App.app/www/plugins/iCheck/minimal/pink.png
copying file ./Payload/Clav App.app/www/plugins/iCheck/minimal/blue.png ... 
2019-11-08 13:03:37 +0000  1132 bytes for ./Payload/Clav App.app/www/plugins/iCheck/minimal/blue.png
copying file ./Payload/Clav App.app/www/plugins/iCheck/minimal/red@2x.png ... 
2019-11-08 13:03:37 +0000  1410 bytes for ./Payload/Clav App.app/www/plugins/iCheck/minimal/red@2x.png
copying file ./Payload/Clav App.app/www/plugins/iCheck/minimal/yellow@2x.png ... 
2019-11-08 13:03:38 +0000  1406 bytes for ./Payload/Clav App.app/www/plugins/iCheck/minimal/yellow@2x.png
copying file ./Payload/Clav App.app/www/plugins/iCheck/minimal/orange.png ... 
1139 bytes for ./Payload/Clav App.app/www/plugins/iCheck/minimal/orange.png
copying file ./Payload/Clav App.app/www/plugins/iCheck/minimal/minimal@2x.png ... 
2019-11-08 13:03:38 +0000  1410 bytes for ./Payload/Clav App.app/www/plugins/iCheck/minimal/minimal@2x.png
2019-11-08 13:03:38 +0000  copying file ./Payload/Clav App.app/www/plugins/iCheck/minimal/aero.css ... 
1626 bytes for ./Payload/Clav App.app/www/plugins/iCheck/minimal/aero.css
copying file ./Payload/Clav App.app/www/plugins/iCheck/minimal/green.png ... 
2019-11-08 13:03:39 +0000  1143 bytes for ./Payload/Clav App.app/www/plugins/iCheck/minimal/green.png
2019-11-08 13:03:39 +0000  copying file ./Payload/Clav App.app/www/plugins/iCheck/minimal/aero@2x.png ... 
2019-11-08 13:03:39 +0000  1409 bytes for ./Payload/Clav App.app/www/plugins/iCheck/minimal/aero@2x.png
copying file ./Payload/Clav App.app/www/plugins/iCheck/minimal/minimal.css ... 
1563 bytes for ./Payload/Clav App.app/www/plugins/iCheck/minimal/minimal.css
copying file ./Payload/Clav App.app/www/plugins/iCheck/minimal/grey.png ... 
1142 bytes for ./Payload/Clav App.app/www/plugins/iCheck/minimal/grey.png
copying file ./Payload/Clav App.app/www/plugins/iCheck/minimal/purple.css ... 
2019-11-08 13:03:39 +0000  1660 bytes for ./Payload/Clav App.app/www/plugins/iCheck/minimal/purple.css
copying file ./Payload/Clav App.app/www/plugins/iCheck/minimal/red.css ... 
1609 bytes for ./Payload/Clav App.app/www/plugins/iCheck/minimal/red.css
copying file ./Payload/Clav App.app/www/plugins/iCheck/minimal/orange.css ... 
1660 bytes for ./Payload/Clav App.app/www/plugins/iCheck/minimal/orange.css
copying file ./Payload/Clav App.app/www/plugins/iCheck/minimal/green@2x.png ... 
2019-11-08 13:03:39 +0000  1408 bytes for ./Payload/Clav App.app/www/plugins/iCheck/minimal/green@2x.png
copying file ./Payload/Clav App.app/www/plugins/iCheck/minimal/aero.png ... 
1151 bytes for ./Payload/Clav App.app/www/plugins/iCheck/minimal/aero.png
copying file ./Payload/Clav App.app/www/plugins/iCheck/minimal/green.css ... 
2019-11-08 13:03:40 +0000  1643 bytes for ./Payload/Clav App.app/www/plugins/iCheck/minimal/green.css
copying file ./Payload/Clav App.app/www/plugins/iCheck/minimal/_all.css ... 
14176 bytes for ./Payload/Clav App.app/www/plugins/iCheck/minimal/_all.css
copying file ./Payload/Clav App.app/www/plugins/iCheck/minimal/minimal.png ... 
1114 bytes for ./Payload/Clav App.app/www/plugins/iCheck/minimal/minimal.png
copying file ./Payload/Clav App.app/www/plugins/iCheck/minimal/red.png ... 
2019-11-08 13:03:40 +0000  1130 bytes for ./Payload/Clav App.app/www/plugins/iCheck/minimal/red.png
2019-11-08 13:03:40 +0000  copying file ./Payload/Clav App.app/www/plugins/iCheck/minimal/purple.png ... 
2019-11-08 13:03:41 +0000  1132 bytes for ./Payload/Clav App.app/www/plugins/iCheck/minimal/purple.png
copying file ./Payload/Clav App.app/www/plugins/iCheck/minimal/grey.css ... 
1626 bytes for ./Payload/Clav App.app/www/plugins/iCheck/minimal/grey.css
2019-11-08 13:03:41 +0000  copying file ./Payload/Clav App.app/www/plugins/iCheck/polaris/polaris.png ... 
6401 bytes for ./Payload/Clav App.app/www/plugins/iCheck/polaris/polaris.png
copying file ./Payload/Clav App.app/www/plugins/iCheck/polaris/polaris.css ... 
2019-11-08 13:03:41 +0000  1557 bytes for ./Payload/Clav App.app/www/plugins/iCheck/polaris/polaris.css
copying file ./Payload/Clav App.app/www/plugins/iCheck/polaris/polaris@2x.png ... 
2019-11-08 13:03:41 +0000  16760 bytes for ./Payload/Clav App.app/www/plugins/iCheck/polaris/polaris@2x.png
2019-11-08 13:03:41 +0000  copying file ./Payload/Clav App.app/www/plugins/iCheck/line/yellow.css ... 
2266 bytes for ./Payload/Clav App.app/www/plugins/iCheck/line/yellow.css
copying file ./Payload/Clav App.app/www/plugins/iCheck/line/pink.css ... 
2222 bytes for ./Payload/Clav App.app/www/plugins/iCheck/line/pink.css
copying file ./Payload/Clav App.app/www/plugins/iCheck/line/blue.css ... 
2019-11-08 13:03:41 +0000  2222 bytes for ./Payload/Clav App.app/www/plugins/iCheck/line/blue.css
copying file ./Payload/Clav App.app/www/plugins/iCheck/line/line@2x.png ... 
1073 bytes for ./Payload/Clav App.app/www/plugins/iCheck/line/line@2x.png
copying file ./Payload/Clav App.app/www/plugins/iCheck/line/aero.css ... 
2019-11-08 13:03:42 +0000  2222 bytes for ./Payload/Clav App.app/www/plugins/iCheck/line/aero.css
copying file ./Payload/Clav App.app/www/plugins/iCheck/line/line.css ... 
2019-11-08 13:03:42 +0000  2103 bytes for ./Payload/Clav App.app/www/plugins/iCheck/line/line.css
copying file ./Payload/Clav App.app/www/plugins/iCheck/line/purple.css ... 
2019-11-08 13:03:42 +0000  2266 bytes for ./Payload/Clav App.app/www/plugins/iCheck/line/purple.css
copying file ./Payload/Clav App.app/www/plugins/iCheck/line/red.css ... 
2019-11-08 13:03:42 +0000  2200 bytes for ./Payload/Clav App.app/www/plugins/iCheck/line/red.css
copying file ./Payload/Clav App.app/www/plugins/iCheck/line/orange.css ... 
2019-11-08 13:03:42 +0000  2260 bytes for ./Payload/Clav App.app/www/plugins/iCheck/line/orange.css
copying file ./Payload/Clav App.app/www/plugins/iCheck/line/line.png ... 
588 bytes for ./Payload/Clav App.app/www/plugins/iCheck/line/line.png
copying file ./Payload/Clav App.app/www/plugins/iCheck/line/green.css ... 
2019-11-08 13:03:42 +0000  2244 bytes for ./Payload/Clav App.app/www/plugins/iCheck/line/green.css
2019-11-08 13:03:43 +0000  copying file ./Payload/Clav App.app/www/plugins/iCheck/line/_all.css ... 
2019-11-08 13:03:43 +0000  21689 bytes for ./Payload/Clav App.app/www/plugins/iCheck/line/_all.css
copying file ./Payload/Clav App.app/www/plugins/iCheck/line/grey.css ... 
2019-11-08 13:03:43 +0000  2222 bytes for ./Payload/Clav App.app/www/plugins/iCheck/line/grey.css
copying file ./Payload/Clav App.app/www/plugins/iCheck/icheck.js ... 
14161 bytes for ./Payload/Clav App.app/www/plugins/iCheck/icheck.js
2019-11-08 13:03:43 +0000  copying file ./Payload/Clav App.app/www/plugins/iCheck/futurico/futurico.png ... 
2019-11-08 13:03:43 +0000  1734 bytes for ./Payload/Clav App.app/www/plugins/iCheck/futurico/futurico.png
copying file ./Payload/Clav App.app/www/plugins/iCheck/futurico/futurico.css ... 
1421 bytes for ./Payload/Clav App.app/www/plugins/iCheck/futurico/futurico.css
copying file ./Payload/Clav App.app/www/plugins/iCheck/futurico/futurico@2x.png ... 
3446 bytes for ./Payload/Clav App.app/www/plugins/iCheck/futurico/futurico@2x.png
copying file ./Payload/Clav App.app/www/plugins/cordova-plugin-badge/www/badge.js ... 
2019-11-08 13:03:44 +0000  8152 bytes for ./Payload/Clav App.app/www/plugins/cordova-plugin-badge/www/badge.js
copying file ./Payload/Clav App.app/www/plugins/cordova-plugin-camera/www/CameraPopoverOptions.js ... 
2640 bytes for ./Payload/Clav App.app/www/plugins/cordova-plugin-camera/www/CameraPopoverOptions.js
copying file ./Payload/Clav App.app/www/plugins/cordova-plugin-camera/www/ios/CameraPopoverHandle.js ... 
2291 bytes for ./Payload/Clav App.app/www/plugins/cordova-plugin-camera/www/ios/CameraPopoverHandle.js
copying file ./Payload/Clav App.app/www/plugins/cordova-plugin-camera/www/CameraConstants.js ... 
3488 bytes for ./Payload/Clav App.app/www/plugins/cordova-plugin-camera/www/CameraConstants.js
copying file ./Payload/Clav App.app/www/plugins/cordova-plugin-camera/www/Camera.js ... 
7995 bytes for ./Payload/Clav App.app/www/plugins/cordova-plugin-camera/www/Camera.js
2019-11-08 13:03:44 +0000  copying file ./Payload/Clav App.app/www/plugins/cordova-plugin-splashscreen/www/splashscreen.js ... 
1206 bytes for ./Payload/Clav App.app/www/plugins/cordova-plugin-splashscreen/www/splashscreen.js
2019-11-08 13:03:44 +0000  copying file ./Payload/Clav App.app/www/plugins/cordova-plugin-x-socialsharing/www/SocialSharing.js ... 
2019-11-08 13:03:45 +0000  8026 bytes for ./Payload/Clav App.app/www/plugins/cordova-plugin-x-socialsharing/www/SocialSharing.js
copying file ./Payload/Clav App.app/www/js/FileSaver.js ... 
2019-11-08 13:03:45 +0000  5965 bytes for ./Payload/Clav App.app/www/js/FileSaver.js
copying file ./Payload/Clav App.app/www/js/tui-color-picker.js ... 
2019-11-08 13:03:45 +0000  90996 bytes for ./Payload/Clav App.app/www/js/tui-color-picker.js
copying file ./Payload/Clav App.app/www/js/adminlte.js ... 
2019-11-08 13:03:45 +0000  28891 bytes for ./Payload/Clav App.app/www/js/adminlte.js
copying file ./Payload/Clav App.app/www/js/bootstrap.js ... 
75484 bytes for ./Payload/Clav App.app/www/js/bootstrap.js
copying file ./Payload/Clav App.app/www/js/tui-image-editor.js ... 
698103 bytes for ./Payload/Clav App.app/www/js/tui-image-editor.js
copying file ./Payload/Clav App.app/www/js/fabric.js ... 
2019-11-08 13:03:46 +0000  927528 bytes for ./Payload/Clav App.app/www/js/fabric.js
2019-11-08 13:03:46 +0000  copying file ./Payload/Clav App.app/www/js/toastr.min.js ... 
5251 bytes for ./Payload/Clav App.app/www/js/toastr.min.js
copying file ./Payload/Clav App.app/www/js/main.js ... 
9186 bytes for ./Payload/Clav App.app/www/js/main.js
copying file ./Payload/Clav App.app/www/js/service-mobile.js ... 
24681 bytes for ./Payload/Clav App.app/www/js/service-mobile.js
copying file ./Payload/Clav App.app/www/js/theme/white-theme.js ... 
2748 bytes for ./Payload/Clav App.app/www/js/theme/white-theme.js
copying file ./Payload/Clav App.app/www/js/theme/black-theme.js ... 
2019-11-08 13:03:46 +0000  2724 bytes for ./Payload/Clav App.app/www/js/theme/black-theme.js
2019-11-08 13:03:47 +0000  copying file ./Payload/Clav App.app/www/js/tui-code-snippet.js ... 
2019-11-08 13:03:47 +0000  119617 bytes for ./Payload/Clav App.app/www/js/tui-code-snippet.js
copying file ./Payload/Clav App.app/www/js/toastr.js.map ... 
25633 bytes for ./Payload/Clav App.app/www/js/toastr.js.map
copying file ./Payload/Clav App.app/www/js/service-basic.js ... 
25317 bytes for ./Payload/Clav App.app/www/js/service-basic.js
copying file ./Payload/Clav App.app/www/js/jquery.js ... 
271751 bytes for ./Payload/Clav App.app/www/js/jquery.js
copying file ./Payload/Clav App.app/www/editor.html ... 
12116 bytes for ./Payload/Clav App.app/www/editor.html
copying file ./Payload/Clav App.app/www/php/handler.php ... 
3002 bytes for ./Payload/Clav App.app/www/php/handler.php
copying file ./Payload/Clav App.app/www/img/credit/american-express.png ... 
2163 bytes for ./Payload/Clav App.app/www/img/credit/american-express.png
copying file ./Payload/Clav App.app/www/img/credit/paypal2.png ... 
1219 bytes for ./Payload/Clav App.app/www/img/credit/paypal2.png
copying file ./Payload/Clav App.app/www/img/credit/visa.png ... 
1061 bytes for ./Payload/Clav App.app/www/img/credit/visa.png
copying file ./Payload/Clav App.app/www/img/credit/mestro.png ... 
1581 bytes for ./Payload/Clav App.app/www/img/credit/mestro.png
copying file ./Payload/Clav App.app/www/img/credit/cirrus.png ... 
1582 bytes for ./Payload/Clav App.app/www/img/credit/cirrus.png
copying file ./Payload/Clav App.app/www/img/credit/mastercard.png ... 
1589 bytes for ./Payload/Clav App.app/www/img/credit/mastercard.png
copying file ./Payload/Clav App.app/www/img/credit/paypal.png ... 
2033 bytes for ./Payload/Clav App.app/www/img/credit/paypal.png
copying file ./Payload/Clav App.app/www/img/4_tn.jpg ... 
3103 bytes for ./Payload/Clav App.app/www/img/4_tn.jpg
copying file ./Payload/Clav App.app/www/img/download.png ... 
786 bytes for ./Payload/Clav App.app/www/img/download.png
2019-11-08 13:03:48 +0000  copying file ./Payload/Clav App.app/www/img/6_tn.jpg ... 
2994 bytes for ./Payload/Clav App.app/www/img/6_tn.jpg
copying file ./Payload/Clav App.app/www/img/default-50x50.gif ... 
184 bytes for ./Payload/Clav App.app/www/img/default-50x50.gif
copying file ./Payload/Clav App.app/www/img/2_tn.jpg ... 
2205 bytes for ./Payload/Clav App.app/www/img/2_tn.jpg
copying file ./Payload/Clav App.app/www/img/openImage.png ... 
813 bytes for ./Payload/Clav App.app/www/img/openImage.png
copying file ./Payload/Clav App.app/www/img/5_tn.jpg ... 
2529 bytes for ./Payload/Clav App.app/www/img/5_tn.jpg
copying file ./Payload/Clav App.app/www/img/icons.png ... 
1142 bytes for ./Payload/Clav App.app/www/img/icons.png
copying file ./Payload/Clav App.app/www/img/TOASTUIComponent.org.png ... 
28489 bytes for ./Payload/Clav App.app/www/img/TOASTUIComponent.org.png
copying file ./Payload/Clav App.app/www/img/TOASTUIComponent.png ... 
2019-11-08 13:03:48 +0000  4245 bytes for ./Payload/Clav App.app/www/img/TOASTUIComponent.png
copying file ./Payload/Clav App.app/www/img/undo.png ... 
672 bytes for ./Payload/Clav App.app/www/img/undo.png
copying file ./Payload/Clav App.app/www/img/remove.png ... 
2019-11-08 13:03:48 +0000  1259 bytes for ./Payload/Clav App.app/www/img/remove.png
copying file ./Payload/Clav App.app/www/img/share.png ... 
1787 bytes for ./Payload/Clav App.app/www/img/share.png
copying file ./Payload/Clav App.app/www/img/4.jpg ... 
2019-11-08 13:03:48 +0000  564845 bytes for ./Payload/Clav App.app/www/img/4.jpg
2019-11-08 13:03:48 +0000  copying file ./Payload/Clav App.app/www/img/5.jpg ... 
2019-11-08 13:03:48 +0000  54796 bytes for ./Payload/Clav App.app/www/img/5.jpg
copying file ./Payload/Clav App.app/www/img/3_tn.jpg ... 
3310 bytes for ./Payload/Clav App.app/www/img/3_tn.jpg
copying file ./Payload/Clav App.app/www/img/6.jpg ... 
61375 bytes for ./Payload/Clav App.app/www/img/6.jpg
copying file ./Payload/Clav App.app/www/img/2.jpg ... 
248764 bytes for ./Payload/Clav App.app/www/img/2.jpg
copying file ./Payload/Clav App.app/www/img/redo.png ... 
2019-11-08 13:03:49 +0000  682 bytes for ./Payload/Clav App.app/www/img/redo.png
copying file ./Payload/Clav App.app/www/img/mask.png ... 
24984 bytes for ./Payload/Clav App.app/www/img/mask.png
copying file ./Payload/Clav App.app/www/img/1_tn.jpg ... 
2019-11-08 13:03:49 +0000  3397 bytes for ./Payload/Clav App.app/www/img/1_tn.jpg
copying file ./Payload/Clav App.app/www/img/back.png ... 
2019-11-08 13:03:49 +0000  23204 bytes for ./Payload/Clav App.app/www/img/back.png
copying file ./Payload/Clav App.app/www/img/3.jpg ... 
2019-11-08 13:03:49 +0000  399683 bytes for ./Payload/Clav App.app/www/img/3.jpg
2019-11-08 13:03:49 +0000  copying file ./Payload/Clav App.app/www/img/1.jpg ... 
2019-11-08 13:03:51 +0000  464814 bytes for ./Payload/Clav App.app/www/img/1.jpg
copying file ./Payload/Clav App.app/www/img/bg.png ... 
2019-11-08 13:03:51 +0000  929 bytes for ./Payload/Clav App.app/www/img/bg.png
2019-11-08 13:03:51 +0000  copying file ./Payload/Clav App.app/www/cordova-js-src/exec.js ... 
8877 bytes for ./Payload/Clav App.app/www/cordova-js-src/exec.js
copying file ./Payload/Clav App.app/www/cordova-js-src/plugin/ios/logger.js ... 
2019-11-08 13:03:51 +0000  10233 bytes for ./Payload/Clav App.app/www/cordova-js-src/plugin/ios/logger.js
copying file ./Payload/Clav App.app/www/cordova-js-src/plugin/ios/console.js ... 
2019-11-08 13:03:51 +0000  6822 bytes for ./Payload/Clav App.app/www/cordova-js-src/plugin/ios/console.js
copying file ./Payload/Clav App.app/www/cordova-js-src/platform.js ... 
1168 bytes for ./Payload/Clav App.app/www/cordova-js-src/platform.js
copying file ./Payload/Clav App.app/www/cordova_plugins.js ... 
8655 bytes for ./Payload/Clav App.app/www/cordova_plugins.js
copying file ./Payload/Clav App.app/www/login.withEditor.html ... 
17429 bytes for ./Payload/Clav App.app/www/login.withEditor.html
copying file ./Payload/Clav App.app/www/fonts/fontawesome-webfont.svg ... 
2019-11-08 13:03:52 +0000  444379 bytes for ./Payload/Clav App.app/www/fonts/fontawesome-webfont.svg
2019-11-08 13:03:52 +0000  copying file ./Payload/Clav App.app/www/fonts/FontAwesome.otf ... 
2019-11-08 13:03:52 +0000  134808 bytes for ./Payload/Clav App.app/www/fonts/FontAwesome.otf
copying file ./Payload/Clav App.app/www/fonts/glyphicons-halflings-regular.woff ... 
2019-11-08 13:03:52 +0000  23424 bytes for ./Payload/Clav App.app/www/fonts/glyphicons-halflings-regular.woff
2019-11-08 13:03:52 +0000  copying file ./Payload/Clav App.app/www/fonts/glyphicons-halflings-regular.eot ... 
2019-11-08 13:03:52 +0000  20127 bytes for ./Payload/Clav App.app/www/fonts/glyphicons-halflings-regular.eot
copying file ./Payload/Clav App.app/www/fonts/glyphicons-halflings-regular.woff2 ... 
2019-11-08 13:03:52 +0000  18028 bytes for ./Payload/Clav App.app/www/fonts/glyphicons-halflings-regular.woff2
copying file ./Payload/Clav App.app/www/fonts/glyphicons-halflings-regular.ttf ... 
45404 bytes for ./Payload/Clav App.app/www/fonts/glyphicons-halflings-regular.ttf
copying file ./Payload/Clav App.app/www/fonts/fontawesome-webfont.woff2 ... 
2019-11-08 13:03:53 +0000  77160 bytes for ./Payload/Clav App.app/www/fonts/fontawesome-webfont.woff2
copying file ./Payload/Clav App.app/www/fonts/fontawesome-webfont.ttf ... 
2019-11-08 13:03:53 +0000  165548 bytes for ./Payload/Clav App.app/www/fonts/fontawesome-webfont.ttf
copying file ./Payload/Clav App.app/www/fonts/fontawesome-webfont.woff ... 
2019-11-08 13:03:53 +0000  98024 bytes for ./Payload/Clav App.app/www/fonts/fontawesome-webfont.woff
2019-11-08 13:03:53 +0000  copying file ./Payload/Clav App.app/www/fonts/glyphicons-halflings-regular.svg ... 
2019-11-08 13:03:53 +0000  108738 bytes for ./Payload/Clav App.app/www/fonts/glyphicons-halflings-regular.svg
copying file ./Payload/Clav App.app/www/fonts/fontawesome-webfont.eot ... 
2019-11-08 13:03:53 +0000  165742 bytes for ./Payload/Clav App.app/www/fonts/fontawesome-webfont.eot
2019-11-08 13:03:53 +0000  copying file ./Payload/Clav App.app/Assets.car ... 
2019-11-08 13:03:53 +0000  563928 bytes for ./Payload/Clav App.app/Assets.car
2019-11-08 13:03:54 +0000  copying file ./Payload/Clav App.app/AppIcon40x40@2x~ipad.png ... 
2019-11-08 13:03:54 +0000  2151 bytes for ./Payload/Clav App.app/AppIcon40x40@2x~ipad.png
copying file ./Payload/Clav App.app/AppIcon76x76@2x~ipad.png ... 
2019-11-08 13:03:54 +0000  4045 bytes for ./Payload/Clav App.app/AppIcon76x76@2x~ipad.png
2019-11-08 13:03:54 +0000  copying file ./Payload/Clav App.app/LaunchImage-800-Portrait-736h@3x.png ... 
2019-11-08 13:03:54 +0000  361431 bytes for ./Payload/Clav App.app/LaunchImage-800-Portrait-736h@3x.png
2019-11-08 13:03:54 +0000  copying file ./Payload/Clav App.app/AppIcon72x72~ipad.png ... 
1901 bytes for ./Payload/Clav App.app/AppIcon72x72~ipad.png
copying file ./Payload/Clav App.app/CDVLaunchScreen.storyboardc/01J-lp-oVM-view-Ze5-6b-2t3.nib ... 
2019-11-08 13:03:54 +0000  2283 bytes for ./Payload/Clav App.app/CDVLaunchScreen.storyboardc/01J-lp-oVM-view-Ze5-6b-2t3.nib
2019-11-08 13:03:54 +0000  copying file ./Payload/Clav App.app/CDVLaunchScreen.storyboardc/UIViewController-01J-lp-oVM.nib ... 
832 bytes for ./Payload/Clav App.app/CDVLaunchScreen.storyboardc/UIViewController-01J-lp-oVM.nib
copying file ./Payload/Clav App.app/CDVLaunchScreen.storyboardc/Info.plist ... 
258 bytes for ./Payload/Clav App.app/CDVLaunchScreen.storyboardc/Info.plist
copying file ./Payload/Clav App.app/LaunchImage-700@2x.png ... 
2019-11-08 13:03:54 +0000  147611 bytes for ./Payload/Clav App.app/LaunchImage-700@2x.png
2019-11-08 13:03:55 +0000  copying file ./Payload/Clav App.app/AppIcon83.5x83.5@2x~ipad.png ... 
4389 bytes for ./Payload/Clav App.app/AppIcon83.5x83.5@2x~ipad.png
copying file ./Payload/Clav App.app/LaunchImage-700-568h@2x.png ... 
2019-11-08 13:03:55 +0000  148630 bytes for ./Payload/Clav App.app/LaunchImage-700-568h@2x.png
copying file ./Payload/Clav App.app/AppIcon50x50~ipad.png ... 
2019-11-08 13:03:55 +0000  1332 bytes for ./Payload/Clav App.app/AppIcon50x50~ipad.png
2019-11-08 13:03:55 +0000  copying file ./Payload/Clav App.app/Clav App ... 
2019-11-08 13:03:56 +0000  870096 bytes for ./Payload/Clav App.app/Clav App
2019-11-08 13:03:56 +0000  copying file ./Payload/Clav App.app/AppIcon29x29@2x~ipad.png ... 
2019-11-08 13:03:56 +0000  1602 bytes for ./Payload/Clav App.app/AppIcon29x29@2x~ipad.png
copying file ./Payload/Clav App.app/AppIcon50x50@2x~ipad.png ... 
2019-11-08 13:03:56 +0000  2597 bytes for ./Payload/Clav App.app/AppIcon50x50@2x~ipad.png
copying file ./Payload/Clav App.app/AppIcon40x40~ipad.png ... 
2019-11-08 13:03:56 +0000  1013 bytes for ./Payload/Clav App.app/AppIcon40x40~ipad.png
2019-11-08 13:03:56 +0000  copying file ./Payload/Clav App.app/AppIcon20x20~ipad.png ... 
2019-11-08 13:03:56 +0000  485 bytes for ./Payload/Clav App.app/AppIcon20x20~ipad.png
2019-11-08 13:03:56 +0000  copying file ./Payload/Clav App.app/LaunchImage.png ... 
2019-11-08 13:03:56 +0000  46533 bytes for ./Payload/Clav App.app/LaunchImage.png
copying file ./Payload/Clav App.app/embedded.mobileprovision ... 
2019-11-08 13:03:56 +0000  9352 bytes for ./Payload/Clav App.app/embedded.mobileprovision
copying file ./Payload/Clav App.app/AppIcon20x20@2x~ipad.png ... 
1013 bytes for ./Payload/Clav App.app/AppIcon20x20@2x~ipad.png
copying file ./Payload/Clav App.app/Info.plist ... 
2019-11-08 13:03:56 +0000  2239 bytes for ./Payload/Clav App.app/Info.plist
copying file ./Payload/Clav App.app/PkgInfo ... 
2019-11-08 13:03:56 +0000  /usr/bin/ditto exited with 0
2019-11-08 13:03:56 +0000  8 bytes for ./Payload/Clav App.app/PkgInfo
copying file ./Payload/Clav App.app/AppIcon76x76~ipad.png ... 
2029 bytes for ./Payload/Clav App.app/AppIcon76x76~ipad.png
2019-11-08 13:03:56 +0000  Processing step: IDEDistributionAppStoreInformationStep
2019-11-08 13:03:57 +0000  Skipping step: IDEDistributionAppStoreInformationStep because it said so
2019-11-08 13:03:57 +0000  Processing step: IDEDistributionCreateManifestStep
